#
# A fatal error has been detected by the Java Runtime Environment:
#
#  SIGSEGV (0xb) at pc=0x00007f6e27c15b84, pid=5121, tid=0x00007f6e28999700
#
# JRE version: OpenJDK Runtime Environment (8.0_111-b16) (build 1.8.0_111-b16)
# Java VM: OpenJDK 64-Bit Server VM (25.111-b16 mixed mode linux-amd64 compressed oops)
# Problematic frame:
# C  [libc.so.6+0x90b84]  __memcpy_sse2_unaligned_erms+0x1a4
#
# Core dump written. Default location: /home/thota/Srinath/wilp/Hibernate4ExampleUsingPostgreSQL/core or core.5121
#
# If you would like to submit a bug report, please visit:
#   http://bugreport.java.com/bugreport/crash.jsp
#

---------------  T H R E A D  ---------------

Current thread (0x00007f6e2000a000):  JavaThread "main" [_thread_in_vm, id=5132, stack(0x00007f6e28899000,0x00007f6e2899a000)]

siginfo: si_signo: 11 (SIGSEGV), si_code: 1 (SEGV_MAPERR), si_addr: 0x0000000000000000

Registers:
RAX=0x00000000cac9d2e8, RBX=0x00007f6e2000a000, RCX=0x00000000c0100800, RDX=0x00000000208f1538
RSP=0x00007f6e28995868, RBP=0x00007f6e289958e0, RSI=0x0000000000000000, RDI=0x00000000cac9d2e8
R8 =0x0000000000000000, R9 =0x00007f6e27b5ed81, R10=0x00007f6e20016a00, R11=0x0000000000000206
R12=0x00000000208f1538, R13=0x0000000000000000, R14=0x00007f6e200846e0, R15=0x00007f6e2000a258
RIP=0x00007f6e27c15b84, EFLAGS=0x0000000000010206, CSGSFS=0x002b000000000033, ERR=0x0000000000000004
  TRAPNO=0x000000000000000e

Top of Stack: (sp=0x00007f6e28995868)
0x00007f6e28995868:   00007f6e27285aba 0000000000000000
0x00007f6e28995878:   0000000000000000 00007f6e2000a000
0x00007f6e28995888:   0000000000000000 00007f6e2000a000
0x00007f6e28995898:   0000000000000000 0000000000000000
0x00007f6e289958a8:   e280ac2d07e8dc00 00007f6e2000a000
0x00007f6e289958b8:   00007f6e2000a258 00007f6e200846e0
0x00007f6e289958c8:   00007f6e208f13d0 00007f6e28995a20
0x00007f6e289958d8:   0000000000000042 00007f6e28995910
0x00007f6e289958e8:   00007f6e09ad9230 00007f6e208f0690
0x00007f6e289958f8:   00007f6e2000a258 00007f6e208f0690
0x00007f6e28995908:   00007f6e200846d8 00007f6e28995990
0x00007f6e28995918:   00007f6e09ad939a 00007f6e2000a000
0x00007f6e28995928:   00000042f52bded0 00007f6e208f12c0
0x00007f6e28995938:   00007f6e208f0ab0 00007f6df52bded0
0x00007f6e28995948:   00007f6e208f0520 000000000000000a
0x00007f6e28995958:   e280ac2d07e8dc00 00007f6e28995a28
0x00007f6e28995968:   00007f6df52bded0 0000000000000000
0x00007f6e28995978:   00007f6df52bdec8 00007f6e28995a28
0x00007f6e28995988:   00007f6e2000a000 00007f6e289959f8
0x00007f6e28995998:   00007f6e11015554 00007f6e289959f8
0x00007f6e289959a8:   00007f6e110152e7 00007f6e110152a2
0x00007f6e289959b8:   00007f6e289959b8 00007f6df52bdec8
0x00007f6e289959c8:   00007f6e28995a28 00007f6df52bdf38
0x00007f6e289959d8:   0000000000000000 00007f6df52bded0
0x00007f6e289959e8:   0000000000000000 00007f6e28995a18
0x00007f6e289959f8:   00007f6e28995a70 00007f6e11007d80
0x00007f6e28995a08:   00000000ef643c48 00007f6e1101127b
0x00007f6e28995a18:   00000000ef919d40 00000000ef919d20
0x00007f6e28995a28:   0000000000000100 00007f6e28995a30
0x00007f6e28995a38:   00007f6df52bdc40 00007f6e28995ab8
0x00007f6e28995a48:   00007f6df52bdf38 0000000000000000
0x00007f6e28995a58:   00007f6df52bdd38 00007f6e28995a18 

Instructions: (pc=0x00007f6e27c15b84)
0x00007f6e27c15b64:   30 48 83 c7 40 48 83 fa 40 77 d0 0f 11 29 0f 11
0x00007f6e27c15b74:   71 f0 0f 11 79 e0 44 0f 11 41 d0 41 0f 11 23 c3
0x00007f6e27c15b84:   0f 10 26 0f 10 6e 10 0f 10 76 20 0f 10 7e 30 44
0x00007f6e27c15b94:   0f 10 44 16 f0 4c 8d 5c 17 f0 48 8d 4c 16 f0 4d 

Register to memory mapping:

RAX=0x00000000cac9d2e8 is pointing into object: 0x00000000cac9d2d8
[B 
 - klass: {type array byte}
 - length: 546247992
RBX=0x00007f6e2000a000 is a thread
RCX=0x00000000c0100800 is an unknown value
RDX=0x00000000208f1538 is an unknown value
RSP=0x00007f6e28995868 is pointing into the stack for thread: 0x00007f6e2000a000
RBP=0x00007f6e289958e0 is pointing into the stack for thread: 0x00007f6e2000a000
RSI=0x0000000000000000 is an unknown value
RDI=0x00000000cac9d2e8 is pointing into object: 0x00000000cac9d2d8
[B 
 - klass: {type array byte}
 - length: 546247992
R8 =0x0000000000000000 is an unknown value
R9 =0x00007f6e27b5ed81: <offset 0xf60d81> in /usr/lib/jvm/java-1.8.0-openjdk-1.8.0.111-5.b16.fc25.x86_64/jre/lib/amd64/server/libjvm.so at 0x00007f6e26bfe000
R10=0x00007f6e20016a00 is an unknown value
R11=0x0000000000000206 is an unknown value
R12=0x00000000208f1538 is an unknown value
R13=0x0000000000000000 is an unknown value
R14=0x00007f6e200846e0 is an unknown value
R15=0x00007f6e2000a258 is an unknown value


Stack: [0x00007f6e28899000,0x00007f6e2899a000],  sp=0x00007f6e28995868,  free space=1010k
Native frames: (J=compiled Java code, j=interpreted, Vv=VM code, C=native code)
C  [libc.so.6+0x90b84]  __memcpy_sse2_unaligned_erms+0x1a4
C  [libsunec.so+0x1230]
C  [libsunec.so+0x139a]  Java_sun_security_ec_ECKeyPairGenerator_generateECKeyPair+0x12a
j  sun.security.ec.ECKeyPairGenerator.generateECKeyPair(I[B[B)[Ljava/lang/Object;+0
j  sun.security.ec.ECKeyPairGenerator.generateKeyPair()Ljava/security/KeyPair;+56
j  java.security.KeyPairGenerator$Delegate.generateKeyPair()Ljava/security/KeyPair;+23
j  sun.security.ssl.ECDHCrypt.<init>(Ljava/security/spec/ECParameterSpec;Ljava/security/SecureRandom;)V+17
j  sun.security.ssl.ClientHandshaker.serverKeyExchange(Lsun/security/ssl/HandshakeMessage$ECDH_ServerKeyExchange;)V+44
j  sun.security.ssl.ClientHandshaker.processMessage(BI)V+582
j  sun.security.ssl.Handshaker.processLoop()V+96
j  sun.security.ssl.Handshaker.process_record(Lsun/security/ssl/InputRecord;Z)V+24
j  sun.security.ssl.SSLSocketImpl.readRecord(Lsun/security/ssl/InputRecord;Z)V+357
j  sun.security.ssl.SSLSocketImpl.performInitialHandshake()V+84
j  sun.security.ssl.SSLSocketImpl.startHandshake(Z)V+13
j  sun.security.ssl.SSLSocketImpl.startHandshake()V+2
j  org.apache.http.conn.ssl.SSLConnectionSocketFactory.createLayeredSocket(Ljava/net/Socket;Ljava/lang/String;ILorg/apache/http/protocol/HttpContext;)Ljava/net/Socket;+258
j  org.apache.http.conn.ssl.SSLConnectionSocketFactory.connectSocket(ILjava/net/Socket;Lorg/apache/http/HttpHost;Ljava/net/InetSocketAddress;Ljava/net/InetSocketAddress;Lorg/apache/http/protocol/HttpContext;)Ljava/net/Socket;+195
j  org.apache.http.impl.conn.DefaultHttpClientConnectionOperator.connect(Lorg/apache/http/conn/ManagedHttpClientConnection;Lorg/apache/http/HttpHost;Ljava/net/InetSocketAddress;ILorg/apache/http/config/SocketConfig;Lorg/apache/http/protocol/HttpContext;)V+323
j  org.apache.http.impl.conn.PoolingHttpClientConnectionManager.connect(Lorg/apache/http/HttpClientConnection;Lorg/apache/http/conn/routing/HttpRoute;ILorg/apache/http/protocol/HttpContext;)V+127
j  org.apache.http.impl.execchain.MainClientExec.establishRoute(Lorg/apache/http/auth/AuthState;Lorg/apache/http/HttpClientConnection;Lorg/apache/http/conn/routing/HttpRoute;Lorg/apache/http/HttpRequest;Lorg/apache/http/client/protocol/HttpClientContext;)V+107
j  org.apache.http.impl.execchain.MainClientExec.execute(Lorg/apache/http/conn/routing/HttpRoute;Lorg/apache/http/client/methods/HttpRequestWrapper;Lorg/apache/http/client/protocol/HttpClientContext;Lorg/apache/http/client/methods/HttpExecutionAware;)Lorg/apache/http/client/methods/CloseableHttpResponse;+438
j  org.apache.http.impl.execchain.ProtocolExec.execute(Lorg/apache/http/conn/routing/HttpRoute;Lorg/apache/http/client/methods/HttpRequestWrapper;Lorg/apache/http/client/protocol/HttpClientContext;Lorg/apache/http/client/methods/HttpExecutionAware;)Lorg/apache/http/client/methods/CloseableHttpResponse;+442
j  org.apache.http.impl.execchain.RetryExec.execute(Lorg/apache/http/conn/routing/HttpRoute;Lorg/apache/http/client/methods/HttpRequestWrapper;Lorg/apache/http/client/protocol/HttpClientContext;Lorg/apache/http/client/methods/HttpExecutionAware;)Lorg/apache/http/client/methods/CloseableHttpResponse;+39
j  org.apache.http.impl.execchain.RedirectExec.execute(Lorg/apache/http/conn/routing/HttpRoute;Lorg/apache/http/client/methods/HttpRequestWrapper;Lorg/apache/http/client/protocol/HttpClientContext;Lorg/apache/http/client/methods/HttpExecutionAware;)Lorg/apache/http/client/methods/CloseableHttpResponse;+85
j  org.apache.http.impl.client.InternalHttpClient.doExecute(Lorg/apache/http/HttpHost;Lorg/apache/http/HttpRequest;Lorg/apache/http/protocol/HttpContext;)Lorg/apache/http/client/methods/CloseableHttpResponse;+168
j  org.apache.http.impl.client.CloseableHttpClient.execute(Lorg/apache/http/client/methods/HttpUriRequest;Lorg/apache/http/protocol/HttpContext;)Lorg/apache/http/client/methods/CloseableHttpResponse;+14
j  org.apache.maven.wagon.providers.http.AbstractHttpClientWagon.execute(Lorg/apache/http/client/methods/HttpUriRequest;)Lorg/apache/http/client/methods/CloseableHttpResponse;+426
j  org.apache.maven.wagon.providers.http.AbstractHttpClientWagon.fillInputData(ILorg/apache/maven/wagon/InputData;)V+178
j  org.apache.maven.wagon.providers.http.AbstractHttpClientWagon.fillInputData(Lorg/apache/maven/wagon/InputData;)V+6
j  org.apache.maven.wagon.StreamWagon.getInputStream(Lorg/apache/maven/wagon/resource/Resource;)Ljava/io/InputStream;+15
j  org.apache.maven.wagon.StreamWagon.getIfNewer(Ljava/lang/String;Ljava/io/File;J)Z+29
j  org.apache.maven.wagon.StreamWagon.get(Ljava/lang/String;Ljava/io/File;)V+4
j  org.eclipse.aether.transport.wagon.WagonTransporter$GetTaskRunner.run(Lorg/apache/maven/wagon/Wagon;)V+89
j  org.eclipse.aether.transport.wagon.WagonTransporter.execute(Lorg/eclipse/aether/spi/connector/transport/TransportTask;Lorg/eclipse/aether/transport/wagon/WagonTransporter$TaskRunner;)V+66
j  org.eclipse.aether.transport.wagon.WagonTransporter.get(Lorg/eclipse/aether/spi/connector/transport/GetTask;)V+11
j  org.eclipse.aether.connector.basic.BasicRepositoryConnector$GetTaskRunner.runTask()V+180
j  org.eclipse.aether.connector.basic.BasicRepositoryConnector$TaskRunner.run()V+8
j  org.eclipse.aether.util.concurrency.RunnableErrorForwarder$1.run()V+4
j  org.eclipse.aether.connector.basic.BasicRepositoryConnector$DirectExecutor.execute(Ljava/lang/Runnable;)V+1
j  org.eclipse.aether.connector.basic.BasicRepositoryConnector.get(Ljava/util/Collection;Ljava/util/Collection;)V+402
j  org.eclipse.aether.internal.impl.DefaultArtifactResolver.performDownloads(Lorg/eclipse/aether/RepositorySystemSession;Lorg/eclipse/aether/internal/impl/DefaultArtifactResolver$ResolutionGroup;)V+89
j  org.eclipse.aether.internal.impl.DefaultArtifactResolver.resolve(Lorg/eclipse/aether/RepositorySystemSession;Ljava/util/Collection;)Ljava/util/List;+925
j  org.eclipse.aether.internal.impl.DefaultArtifactResolver.resolveArtifacts(Lorg/eclipse/aether/RepositorySystemSession;Ljava/util/Collection;)Ljava/util/List;+104
j  org.eclipse.aether.internal.impl.DefaultArtifactResolver.resolveArtifact(Lorg/eclipse/aether/RepositorySystemSession;Lorg/eclipse/aether/resolution/ArtifactRequest;)Lorg/eclipse/aether/resolution/ArtifactResult;+6
j  org.apache.maven.repository.internal.DefaultArtifactDescriptorReader.loadPom(Lorg/eclipse/aether/RepositorySystemSession;Lorg/eclipse/aether/resolution/ArtifactDescriptorRequest;Lorg/eclipse/aether/resolution/ArtifactDescriptorResult;)Lorg/apache/maven/model/Model;+328
j  org.apache.maven.repository.internal.DefaultArtifactDescriptorReader.readArtifactDescriptor(Lorg/eclipse/aether/RepositorySystemSession;Lorg/eclipse/aether/resolution/ArtifactDescriptorRequest;)Lorg/eclipse/aether/resolution/ArtifactDescriptorResult;+13
j  org.eclipse.aether.internal.impl.DefaultDependencyCollector.resolveCachedArtifactDescriptor(Lorg/eclipse/aether/internal/impl/DataPool;Lorg/eclipse/aether/resolution/ArtifactDescriptorRequest;Lorg/eclipse/aether/RepositorySystemSession;Lorg/eclipse/aether/graph/Dependency;Lorg/eclipse/aether/internal/impl/DefaultDependencyCollector$Results;Lorg/eclipse/aether/internal/impl/DefaultDependencyCollector$Args;)Lorg/eclipse/aether/resolution/ArtifactDescriptorResult;+27
j  org.eclipse.aether.internal.impl.DefaultDependencyCollector.getArtifactDescriptorResult(Lorg/eclipse/aether/internal/impl/DefaultDependencyCollector$Args;Lorg/eclipse/aether/internal/impl/DefaultDependencyCollector$Results;ZLorg/eclipse/aether/graph/Dependency;Lorg/eclipse/aether/resolution/ArtifactDescriptorRequest;)Lorg/eclipse/aether/resolution/ArtifactDescriptorResult;+31
j  org.eclipse.aether.internal.impl.DefaultDependencyCollector.processDependency(Lorg/eclipse/aether/internal/impl/DefaultDependencyCollector$Args;Lorg/eclipse/aether/internal/impl/DefaultDependencyCollector$Results;Ljava/util/List;Lorg/eclipse/aether/collection/DependencySelector;Lorg/eclipse/aether/collection/DependencyManager;Lorg/eclipse/aether/collection/DependencyTraverser;Lorg/eclipse/aether/collection/VersionFilter;Lorg/eclipse/aether/graph/Dependency;Ljava/util/List;Z)V+214
j  org.eclipse.aether.internal.impl.DefaultDependencyCollector.processDependency(Lorg/eclipse/aether/internal/impl/DefaultDependencyCollector$Args;Lorg/eclipse/aether/internal/impl/DefaultDependencyCollector$Results;Ljava/util/List;Lorg/eclipse/aether/collection/DependencySelector;Lorg/eclipse/aether/collection/DependencyManager;Lorg/eclipse/aether/collection/DependencyTraverser;Lorg/eclipse/aether/collection/VersionFilter;Lorg/eclipse/aether/graph/Dependency;)V+26
j  org.eclipse.aether.internal.impl.DefaultDependencyCollector.process(Lorg/eclipse/aether/internal/impl/DefaultDependencyCollector$Args;Lorg/eclipse/aether/internal/impl/DefaultDependencyCollector$Results;Ljava/util/List;Ljava/util/List;Lorg/eclipse/aether/collection/DependencySelector;Lorg/eclipse/aether/collection/DependencyManager;Lorg/eclipse/aether/collection/DependencyTraverser;Lorg/eclipse/aether/collection/VersionFilter;)V+45
j  org.eclipse.aether.internal.impl.DefaultDependencyCollector.collectDependencies(Lorg/eclipse/aether/RepositorySystemSession;Lorg/eclipse/aether/collection/CollectRequest;)Lorg/eclipse/aether/collection/CollectResult;+735
j  org.eclipse.aether.internal.impl.DefaultRepositorySystem.collectDependencies(Lorg/eclipse/aether/RepositorySystemSession;Lorg/eclipse/aether/collection/CollectRequest;)Lorg/eclipse/aether/collection/CollectResult;+11
j  org.apache.maven.project.DefaultProjectDependenciesResolver.resolve(Lorg/apache/maven/project/DependencyResolutionRequest;)Lorg/apache/maven/project/DependencyResolutionResult;+678
j  org.apache.maven.lifecycle.internal.LifecycleDependencyResolver.getDependencies(Lorg/apache/maven/project/MavenProject;Ljava/util/Collection;Ljava/util/Collection;Lorg/apache/maven/execution/MavenSession;ZLjava/util/Set;)Ljava/util/Set;+152
j  org.apache.maven.lifecycle.internal.LifecycleDependencyResolver.resolveProjectDependencies(Lorg/apache/maven/project/MavenProject;Ljava/util/Collection;Ljava/util/Collection;Lorg/apache/maven/execution/MavenSession;ZLjava/util/Set;)V+80
j  org.apache.maven.lifecycle.internal.MojoExecutor.ensureDependenciesAreResolved(Lorg/apache/maven/plugin/descriptor/MojoDescriptor;Lorg/apache/maven/execution/MavenSession;Lorg/apache/maven/lifecycle/internal/DependencyContext;)V+47
j  org.apache.maven.lifecycle.internal.MojoExecutor.execute(Lorg/apache/maven/execution/MavenSession;Lorg/apache/maven/plugin/MojoExecution;Lorg/apache/maven/lifecycle/internal/ProjectIndex;Lorg/apache/maven/lifecycle/internal/DependencyContext;)V+192
j  org.apache.maven.lifecycle.internal.MojoExecutor.execute(Lorg/apache/maven/execution/MavenSession;Lorg/apache/maven/plugin/MojoExecution;Lorg/apache/maven/lifecycle/internal/ProjectIndex;Lorg/apache/maven/lifecycle/internal/DependencyContext;Lorg/apache/maven/lifecycle/internal/PhaseRecorder;)V+6
j  org.apache.maven.lifecycle.internal.MojoExecutor.execute(Lorg/apache/maven/execution/MavenSession;Ljava/util/List;Lorg/apache/maven/lifecycle/internal/ProjectIndex;)V+60
j  org.apache.maven.lifecycle.internal.LifecycleModuleBuilder.buildProject(Lorg/apache/maven/execution/MavenSession;Lorg/apache/maven/execution/MavenSession;Lorg/apache/maven/lifecycle/internal/ReactorContext;Lorg/apache/maven/project/MavenProject;Lorg/apache/maven/lifecycle/internal/TaskSegment;)V+179
j  org.apache.maven.lifecycle.internal.LifecycleModuleBuilder.buildProject(Lorg/apache/maven/execution/MavenSession;Lorg/apache/maven/lifecycle/internal/ReactorContext;Lorg/apache/maven/project/MavenProject;Lorg/apache/maven/lifecycle/internal/TaskSegment;)V+7
j  org.apache.maven.lifecycle.internal.builder.singlethreaded.SingleThreadedBuilder.build(Lorg/apache/maven/execution/MavenSession;Lorg/apache/maven/lifecycle/internal/ReactorContext;Lorg/apache/maven/lifecycle/internal/ProjectBuildList;Ljava/util/List;Lorg/apache/maven/lifecycle/internal/ReactorBuildStatus;)V+77
j  org.apache.maven.lifecycle.internal.LifecycleStarter.execute(Lorg/apache/maven/execution/MavenSession;)V+348
j  org.apache.maven.DefaultMaven.doExecute(Lorg/apache/maven/execution/MavenExecutionRequest;Lorg/apache/maven/execution/MavenSession;Lorg/apache/maven/execution/MavenExecutionResult;Lorg/eclipse/aether/DefaultRepositorySystemSession;)Lorg/apache/maven/execution/MavenExecutionResult;+411
j  org.apache.maven.DefaultMaven.doExecute(Lorg/apache/maven/execution/MavenExecutionRequest;)Lorg/apache/maven/execution/MavenExecutionResult;+98
j  org.apache.maven.DefaultMaven.execute(Lorg/apache/maven/execution/MavenExecutionRequest;)Lorg/apache/maven/execution/MavenExecutionResult;+2
j  org.apache.maven.cli.MavenCli.execute(Lorg/apache/maven/cli/CliRequest;)I+27
j  org.apache.maven.cli.MavenCli.doMain(Lorg/apache/maven/cli/CliRequest;)I+66
j  org.apache.maven.cli.MavenCli.main([Ljava/lang/String;Lorg/codehaus/plexus/classworlds/ClassWorld;)I+18
v  ~StubRoutines::call_stub
V  [libjvm.so+0x670573]
V  [libjvm.so+0x94fc67]
V  [libjvm.so+0x9515bb]
V  [libjvm.so+0x6bc969]  JVM_InvokeMethod+0x119
j  sun.reflect.NativeMethodAccessorImpl.invoke0(Ljava/lang/reflect/Method;Ljava/lang/Object;[Ljava/lang/Object;)Ljava/lang/Object;+0
j  sun.reflect.NativeMethodAccessorImpl.invoke(Ljava/lang/Object;[Ljava/lang/Object;)Ljava/lang/Object;+100
j  sun.reflect.DelegatingMethodAccessorImpl.invoke(Ljava/lang/Object;[Ljava/lang/Object;)Ljava/lang/Object;+6
j  java.lang.reflect.Method.invoke(Ljava/lang/Object;[Ljava/lang/Object;)Ljava/lang/Object;+56
j  org.codehaus.plexus.classworlds.launcher.Launcher.launchEnhanced([Ljava/lang/String;)V+45
j  org.codehaus.plexus.classworlds.launcher.Launcher.launch([Ljava/lang/String;)V+2
j  org.codehaus.plexus.classworlds.launcher.Launcher.mainWithExitCode([Ljava/lang/String;)I+101
j  org.codehaus.plexus.classworlds.launcher.Launcher.main([Ljava/lang/String;)V+1
v  ~StubRoutines::call_stub
V  [libjvm.so+0x670573]
V  [libjvm.so+0x692ac7]
V  [libjvm.so+0x6951e6]
C  [libjli.so+0x3371]
C  [libpthread.so.0+0x76ca]  start_thread+0xca

Java frames: (J=compiled Java code, j=interpreted, Vv=VM code)
j  sun.security.ec.ECKeyPairGenerator.generateECKeyPair(I[B[B)[Ljava/lang/Object;+0
j  sun.security.ec.ECKeyPairGenerator.generateKeyPair()Ljava/security/KeyPair;+56
j  java.security.KeyPairGenerator$Delegate.generateKeyPair()Ljava/security/KeyPair;+23
j  sun.security.ssl.ECDHCrypt.<init>(Ljava/security/spec/ECParameterSpec;Ljava/security/SecureRandom;)V+17
j  sun.security.ssl.ClientHandshaker.serverKeyExchange(Lsun/security/ssl/HandshakeMessage$ECDH_ServerKeyExchange;)V+44
j  sun.security.ssl.ClientHandshaker.processMessage(BI)V+582
j  sun.security.ssl.Handshaker.processLoop()V+96
j  sun.security.ssl.Handshaker.process_record(Lsun/security/ssl/InputRecord;Z)V+24
j  sun.security.ssl.SSLSocketImpl.readRecord(Lsun/security/ssl/InputRecord;Z)V+357
j  sun.security.ssl.SSLSocketImpl.performInitialHandshake()V+84
j  sun.security.ssl.SSLSocketImpl.startHandshake(Z)V+13
j  sun.security.ssl.SSLSocketImpl.startHandshake()V+2
j  org.apache.http.conn.ssl.SSLConnectionSocketFactory.createLayeredSocket(Ljava/net/Socket;Ljava/lang/String;ILorg/apache/http/protocol/HttpContext;)Ljava/net/Socket;+258
j  org.apache.http.conn.ssl.SSLConnectionSocketFactory.connectSocket(ILjava/net/Socket;Lorg/apache/http/HttpHost;Ljava/net/InetSocketAddress;Ljava/net/InetSocketAddress;Lorg/apache/http/protocol/HttpContext;)Ljava/net/Socket;+195
j  org.apache.http.impl.conn.DefaultHttpClientConnectionOperator.connect(Lorg/apache/http/conn/ManagedHttpClientConnection;Lorg/apache/http/HttpHost;Ljava/net/InetSocketAddress;ILorg/apache/http/config/SocketConfig;Lorg/apache/http/protocol/HttpContext;)V+323
j  org.apache.http.impl.conn.PoolingHttpClientConnectionManager.connect(Lorg/apache/http/HttpClientConnection;Lorg/apache/http/conn/routing/HttpRoute;ILorg/apache/http/protocol/HttpContext;)V+127
j  org.apache.http.impl.execchain.MainClientExec.establishRoute(Lorg/apache/http/auth/AuthState;Lorg/apache/http/HttpClientConnection;Lorg/apache/http/conn/routing/HttpRoute;Lorg/apache/http/HttpRequest;Lorg/apache/http/client/protocol/HttpClientContext;)V+107
j  org.apache.http.impl.execchain.MainClientExec.execute(Lorg/apache/http/conn/routing/HttpRoute;Lorg/apache/http/client/methods/HttpRequestWrapper;Lorg/apache/http/client/protocol/HttpClientContext;Lorg/apache/http/client/methods/HttpExecutionAware;)Lorg/apache/http/client/methods/CloseableHttpResponse;+438
j  org.apache.http.impl.execchain.ProtocolExec.execute(Lorg/apache/http/conn/routing/HttpRoute;Lorg/apache/http/client/methods/HttpRequestWrapper;Lorg/apache/http/client/protocol/HttpClientContext;Lorg/apache/http/client/methods/HttpExecutionAware;)Lorg/apache/http/client/methods/CloseableHttpResponse;+442
j  org.apache.http.impl.execchain.RetryExec.execute(Lorg/apache/http/conn/routing/HttpRoute;Lorg/apache/http/client/methods/HttpRequestWrapper;Lorg/apache/http/client/protocol/HttpClientContext;Lorg/apache/http/client/methods/HttpExecutionAware;)Lorg/apache/http/client/methods/CloseableHttpResponse;+39
j  org.apache.http.impl.execchain.RedirectExec.execute(Lorg/apache/http/conn/routing/HttpRoute;Lorg/apache/http/client/methods/HttpRequestWrapper;Lorg/apache/http/client/protocol/HttpClientContext;Lorg/apache/http/client/methods/HttpExecutionAware;)Lorg/apache/http/client/methods/CloseableHttpResponse;+85
j  org.apache.http.impl.client.InternalHttpClient.doExecute(Lorg/apache/http/HttpHost;Lorg/apache/http/HttpRequest;Lorg/apache/http/protocol/HttpContext;)Lorg/apache/http/client/methods/CloseableHttpResponse;+168
j  org.apache.http.impl.client.CloseableHttpClient.execute(Lorg/apache/http/client/methods/HttpUriRequest;Lorg/apache/http/protocol/HttpContext;)Lorg/apache/http/client/methods/CloseableHttpResponse;+14
j  org.apache.maven.wagon.providers.http.AbstractHttpClientWagon.execute(Lorg/apache/http/client/methods/HttpUriRequest;)Lorg/apache/http/client/methods/CloseableHttpResponse;+426
j  org.apache.maven.wagon.providers.http.AbstractHttpClientWagon.fillInputData(ILorg/apache/maven/wagon/InputData;)V+178
j  org.apache.maven.wagon.providers.http.AbstractHttpClientWagon.fillInputData(Lorg/apache/maven/wagon/InputData;)V+6
j  org.apache.maven.wagon.StreamWagon.getInputStream(Lorg/apache/maven/wagon/resource/Resource;)Ljava/io/InputStream;+15
j  org.apache.maven.wagon.StreamWagon.getIfNewer(Ljava/lang/String;Ljava/io/File;J)Z+29
j  org.apache.maven.wagon.StreamWagon.get(Ljava/lang/String;Ljava/io/File;)V+4
j  org.eclipse.aether.transport.wagon.WagonTransporter$GetTaskRunner.run(Lorg/apache/maven/wagon/Wagon;)V+89
j  org.eclipse.aether.transport.wagon.WagonTransporter.execute(Lorg/eclipse/aether/spi/connector/transport/TransportTask;Lorg/eclipse/aether/transport/wagon/WagonTransporter$TaskRunner;)V+66
j  org.eclipse.aether.transport.wagon.WagonTransporter.get(Lorg/eclipse/aether/spi/connector/transport/GetTask;)V+11
j  org.eclipse.aether.connector.basic.BasicRepositoryConnector$GetTaskRunner.runTask()V+180
j  org.eclipse.aether.connector.basic.BasicRepositoryConnector$TaskRunner.run()V+8
j  org.eclipse.aether.util.concurrency.RunnableErrorForwarder$1.run()V+4
j  org.eclipse.aether.connector.basic.BasicRepositoryConnector$DirectExecutor.execute(Ljava/lang/Runnable;)V+1
j  org.eclipse.aether.connector.basic.BasicRepositoryConnector.get(Ljava/util/Collection;Ljava/util/Collection;)V+402
j  org.eclipse.aether.internal.impl.DefaultArtifactResolver.performDownloads(Lorg/eclipse/aether/RepositorySystemSession;Lorg/eclipse/aether/internal/impl/DefaultArtifactResolver$ResolutionGroup;)V+89
j  org.eclipse.aether.internal.impl.DefaultArtifactResolver.resolve(Lorg/eclipse/aether/RepositorySystemSession;Ljava/util/Collection;)Ljava/util/List;+925
j  org.eclipse.aether.internal.impl.DefaultArtifactResolver.resolveArtifacts(Lorg/eclipse/aether/RepositorySystemSession;Ljava/util/Collection;)Ljava/util/List;+104
j  org.eclipse.aether.internal.impl.DefaultArtifactResolver.resolveArtifact(Lorg/eclipse/aether/RepositorySystemSession;Lorg/eclipse/aether/resolution/ArtifactRequest;)Lorg/eclipse/aether/resolution/ArtifactResult;+6
j  org.apache.maven.repository.internal.DefaultArtifactDescriptorReader.loadPom(Lorg/eclipse/aether/RepositorySystemSession;Lorg/eclipse/aether/resolution/ArtifactDescriptorRequest;Lorg/eclipse/aether/resolution/ArtifactDescriptorResult;)Lorg/apache/maven/model/Model;+328
j  org.apache.maven.repository.internal.DefaultArtifactDescriptorReader.readArtifactDescriptor(Lorg/eclipse/aether/RepositorySystemSession;Lorg/eclipse/aether/resolution/ArtifactDescriptorRequest;)Lorg/eclipse/aether/resolution/ArtifactDescriptorResult;+13
j  org.eclipse.aether.internal.impl.DefaultDependencyCollector.resolveCachedArtifactDescriptor(Lorg/eclipse/aether/internal/impl/DataPool;Lorg/eclipse/aether/resolution/ArtifactDescriptorRequest;Lorg/eclipse/aether/RepositorySystemSession;Lorg/eclipse/aether/graph/Dependency;Lorg/eclipse/aether/internal/impl/DefaultDependencyCollector$Results;Lorg/eclipse/aether/internal/impl/DefaultDependencyCollector$Args;)Lorg/eclipse/aether/resolution/ArtifactDescriptorResult;+27
j  org.eclipse.aether.internal.impl.DefaultDependencyCollector.getArtifactDescriptorResult(Lorg/eclipse/aether/internal/impl/DefaultDependencyCollector$Args;Lorg/eclipse/aether/internal/impl/DefaultDependencyCollector$Results;ZLorg/eclipse/aether/graph/Dependency;Lorg/eclipse/aether/resolution/ArtifactDescriptorRequest;)Lorg/eclipse/aether/resolution/ArtifactDescriptorResult;+31
j  org.eclipse.aether.internal.impl.DefaultDependencyCollector.processDependency(Lorg/eclipse/aether/internal/impl/DefaultDependencyCollector$Args;Lorg/eclipse/aether/internal/impl/DefaultDependencyCollector$Results;Ljava/util/List;Lorg/eclipse/aether/collection/DependencySelector;Lorg/eclipse/aether/collection/DependencyManager;Lorg/eclipse/aether/collection/DependencyTraverser;Lorg/eclipse/aether/collection/VersionFilter;Lorg/eclipse/aether/graph/Dependency;Ljava/util/List;Z)V+214
j  org.eclipse.aether.internal.impl.DefaultDependencyCollector.processDependency(Lorg/eclipse/aether/internal/impl/DefaultDependencyCollector$Args;Lorg/eclipse/aether/internal/impl/DefaultDependencyCollector$Results;Ljava/util/List;Lorg/eclipse/aether/collection/DependencySelector;Lorg/eclipse/aether/collection/DependencyManager;Lorg/eclipse/aether/collection/DependencyTraverser;Lorg/eclipse/aether/collection/VersionFilter;Lorg/eclipse/aether/graph/Dependency;)V+26
j  org.eclipse.aether.internal.impl.DefaultDependencyCollector.process(Lorg/eclipse/aether/internal/impl/DefaultDependencyCollector$Args;Lorg/eclipse/aether/internal/impl/DefaultDependencyCollector$Results;Ljava/util/List;Ljava/util/List;Lorg/eclipse/aether/collection/DependencySelector;Lorg/eclipse/aether/collection/DependencyManager;Lorg/eclipse/aether/collection/DependencyTraverser;Lorg/eclipse/aether/collection/VersionFilter;)V+45
j  org.eclipse.aether.internal.impl.DefaultDependencyCollector.collectDependencies(Lorg/eclipse/aether/RepositorySystemSession;Lorg/eclipse/aether/collection/CollectRequest;)Lorg/eclipse/aether/collection/CollectResult;+735
j  org.eclipse.aether.internal.impl.DefaultRepositorySystem.collectDependencies(Lorg/eclipse/aether/RepositorySystemSession;Lorg/eclipse/aether/collection/CollectRequest;)Lorg/eclipse/aether/collection/CollectResult;+11
j  org.apache.maven.project.DefaultProjectDependenciesResolver.resolve(Lorg/apache/maven/project/DependencyResolutionRequest;)Lorg/apache/maven/project/DependencyResolutionResult;+678
j  org.apache.maven.lifecycle.internal.LifecycleDependencyResolver.getDependencies(Lorg/apache/maven/project/MavenProject;Ljava/util/Collection;Ljava/util/Collection;Lorg/apache/maven/execution/MavenSession;ZLjava/util/Set;)Ljava/util/Set;+152
j  org.apache.maven.lifecycle.internal.LifecycleDependencyResolver.resolveProjectDependencies(Lorg/apache/maven/project/MavenProject;Ljava/util/Collection;Ljava/util/Collection;Lorg/apache/maven/execution/MavenSession;ZLjava/util/Set;)V+80
j  org.apache.maven.lifecycle.internal.MojoExecutor.ensureDependenciesAreResolved(Lorg/apache/maven/plugin/descriptor/MojoDescriptor;Lorg/apache/maven/execution/MavenSession;Lorg/apache/maven/lifecycle/internal/DependencyContext;)V+47
j  org.apache.maven.lifecycle.internal.MojoExecutor.execute(Lorg/apache/maven/execution/MavenSession;Lorg/apache/maven/plugin/MojoExecution;Lorg/apache/maven/lifecycle/internal/ProjectIndex;Lorg/apache/maven/lifecycle/internal/DependencyContext;)V+192
j  org.apache.maven.lifecycle.internal.MojoExecutor.execute(Lorg/apache/maven/execution/MavenSession;Lorg/apache/maven/plugin/MojoExecution;Lorg/apache/maven/lifecycle/internal/ProjectIndex;Lorg/apache/maven/lifecycle/internal/DependencyContext;Lorg/apache/maven/lifecycle/internal/PhaseRecorder;)V+6
j  org.apache.maven.lifecycle.internal.MojoExecutor.execute(Lorg/apache/maven/execution/MavenSession;Ljava/util/List;Lorg/apache/maven/lifecycle/internal/ProjectIndex;)V+60
j  org.apache.maven.lifecycle.internal.LifecycleModuleBuilder.buildProject(Lorg/apache/maven/execution/MavenSession;Lorg/apache/maven/execution/MavenSession;Lorg/apache/maven/lifecycle/internal/ReactorContext;Lorg/apache/maven/project/MavenProject;Lorg/apache/maven/lifecycle/internal/TaskSegment;)V+179
j  org.apache.maven.lifecycle.internal.LifecycleModuleBuilder.buildProject(Lorg/apache/maven/execution/MavenSession;Lorg/apache/maven/lifecycle/internal/ReactorContext;Lorg/apache/maven/project/MavenProject;Lorg/apache/maven/lifecycle/internal/TaskSegment;)V+7
j  org.apache.maven.lifecycle.internal.builder.singlethreaded.SingleThreadedBuilder.build(Lorg/apache/maven/execution/MavenSession;Lorg/apache/maven/lifecycle/internal/ReactorContext;Lorg/apache/maven/lifecycle/internal/ProjectBuildList;Ljava/util/List;Lorg/apache/maven/lifecycle/internal/ReactorBuildStatus;)V+77
j  org.apache.maven.lifecycle.internal.LifecycleStarter.execute(Lorg/apache/maven/execution/MavenSession;)V+348
j  org.apache.maven.DefaultMaven.doExecute(Lorg/apache/maven/execution/MavenExecutionRequest;Lorg/apache/maven/execution/MavenSession;Lorg/apache/maven/execution/MavenExecutionResult;Lorg/eclipse/aether/DefaultRepositorySystemSession;)Lorg/apache/maven/execution/MavenExecutionResult;+411
j  org.apache.maven.DefaultMaven.doExecute(Lorg/apache/maven/execution/MavenExecutionRequest;)Lorg/apache/maven/execution/MavenExecutionResult;+98
j  org.apache.maven.DefaultMaven.execute(Lorg/apache/maven/execution/MavenExecutionRequest;)Lorg/apache/maven/execution/MavenExecutionResult;+2
j  org.apache.maven.cli.MavenCli.execute(Lorg/apache/maven/cli/CliRequest;)I+27
j  org.apache.maven.cli.MavenCli.doMain(Lorg/apache/maven/cli/CliRequest;)I+66
j  org.apache.maven.cli.MavenCli.main([Ljava/lang/String;Lorg/codehaus/plexus/classworlds/ClassWorld;)I+18
v  ~StubRoutines::call_stub
j  sun.reflect.NativeMethodAccessorImpl.invoke0(Ljava/lang/reflect/Method;Ljava/lang/Object;[Ljava/lang/Object;)Ljava/lang/Object;+0
j  sun.reflect.NativeMethodAccessorImpl.invoke(Ljava/lang/Object;[Ljava/lang/Object;)Ljava/lang/Object;+100
j  sun.reflect.DelegatingMethodAccessorImpl.invoke(Ljava/lang/Object;[Ljava/lang/Object;)Ljava/lang/Object;+6
j  java.lang.reflect.Method.invoke(Ljava/lang/Object;[Ljava/lang/Object;)Ljava/lang/Object;+56
j  org.codehaus.plexus.classworlds.launcher.Launcher.launchEnhanced([Ljava/lang/String;)V+45
j  org.codehaus.plexus.classworlds.launcher.Launcher.launch([Ljava/lang/String;)V+2
j  org.codehaus.plexus.classworlds.launcher.Launcher.mainWithExitCode([Ljava/lang/String;)I+101
j  org.codehaus.plexus.classworlds.launcher.Launcher.main([Ljava/lang/String;)V+1
v  ~StubRoutines::call_stub

---------------  P R O C E S S  ---------------

Java Threads: ( => current thread )
  0x00007f6e200cc800 JavaThread "Service Thread" daemon [_thread_blocked, id=5141, stack(0x00007f6e103f4000,0x00007f6e104f5000)]
  0x00007f6e200c8000 JavaThread "C1 CompilerThread1" daemon [_thread_blocked, id=5140, stack(0x00007f6e104f5000,0x00007f6e105f6000)]
  0x00007f6e200ba800 JavaThread "C2 CompilerThread0" daemon [_thread_blocked, id=5139, stack(0x00007f6e105f6000,0x00007f6e106f7000)]
  0x00007f6e200b8800 JavaThread "Signal Dispatcher" daemon [_thread_blocked, id=5138, stack(0x00007f6e106f7000,0x00007f6e107f8000)]
  0x00007f6e2008e800 JavaThread "Finalizer" daemon [_thread_blocked, id=5137, stack(0x00007f6e107f8000,0x00007f6e108f9000)]
  0x00007f6e2008a000 JavaThread "Reference Handler" daemon [_thread_blocked, id=5136, stack(0x00007f6e108f9000,0x00007f6e109fa000)]
=>0x00007f6e2000a000 JavaThread "main" [_thread_in_vm, id=5132, stack(0x00007f6e28899000,0x00007f6e2899a000)]

Other Threads:
  0x00007f6e20080800 VMThread [stack: 0x00007f6e109fa000,0x00007f6e10afb000] [id=5135]
  0x00007f6e200cf000 WatcherThread [stack: 0x00007f6e102f3000,0x00007f6e103f4000] [id=5142]

VM state:synchronizing (normal execution)

VM Mutex/Monitor currently owned by a thread:  ([mutex/lock_event])
[0x00007f6e200066e0] Threads_lock - owner thread: 0x00007f6e20080800

Heap:
 PSYoungGen      total 59392K, used 27332K [0x00000000ee100000, 0x00000000f1d00000, 0x0000000100000000)
  eden space 57344K, 44% used [0x00000000ee100000,0x00000000ef9b5210,0x00000000f1900000)
  from space 2048K, 99% used [0x00000000f1b00000,0x00000000f1cfc030,0x00000000f1d00000)
  to   space 2048K, 0% used [0x00000000f1900000,0x00000000f1900000,0x00000000f1b00000)
 ParOldGen       total 570368K, used 544314K [0x00000000ca200000, 0x00000000ecf00000, 0x00000000ee100000)
  object space 570368K, 95% used [0x00000000ca200000,0x00000000eb58e820,0x00000000ecf00000)
 Metaspace       used 20457K, capacity 20850K, committed 20992K, reserved 1067008K
  class space    used 2353K, capacity 2509K, committed 2560K, reserved 1048576K

Card table byte_map: [0x00007f6e25384000,0x00007f6e25534000] byte_map_base: 0x00007f6e24d33000

Marking Bits: (ParMarkBitMap*) 0x00007f6e27b68820
 Begin Bits: [0x00007f6e0a510000, 0x00007f6e0b288000)
 End Bits:   [0x00007f6e0b288000, 0x00007f6e0c000000)

Polling page: 0x00007f6e289b4000

CodeCache: size=245760Kb used=7133Kb max_used=7177Kb free=238626Kb
 bounds [0x00007f6e11000000, 0x00007f6e11710000, 0x00007f6e20000000]
 total_blobs=2633 nmethods=2245 adapters=302
 compilation: enabled

Compilation events (10 events):
Event: 3.050 Thread 0x00007f6e200c8000 2247       3       java.util.RegularEnumSet::isEmpty (15 bytes)
Event: 3.051 Thread 0x00007f6e200c8000 nmethod 2247 0x00007f6e116d5290 code [0x00007f6e116d5400, 0x00007f6e116d55b0]
Event: 3.051 Thread 0x00007f6e200c8000 2248       3       sun.security.util.DisabledAlgorithmConstraints::permits (36 bytes)
Event: 3.051 Thread 0x00007f6e200c8000 nmethod 2248 0x00007f6e116d5610 code [0x00007f6e116d57a0, 0x00007f6e116d5b48]
Event: 3.057 Thread 0x00007f6e200c8000 2250       3       java.math.MutableBigInteger::mulsub (110 bytes)
Event: 3.058 Thread 0x00007f6e200c8000 nmethod 2250 0x00007f6e116d5c90 code [0x00007f6e116d5e00, 0x00007f6e116d6110]
Event: 3.058 Thread 0x00007f6e200c8000 2251       3       sun.security.provider.SHA2::implCompress (331 bytes)
Event: 3.059 Thread 0x00007f6e200c8000 nmethod 2251 0x00007f6e116d6390 code [0x00007f6e116d65e0, 0x00007f6e116d73c8]
Event: 3.059 Thread 0x00007f6e200c8000 2252       3       sun.security.provider.SHA5::lf_S (11 bytes)
Event: 3.059 Thread 0x00007f6e200c8000 nmethod 2252 0x00007f6e116d8250 code [0x00007f6e116d83a0, 0x00007f6e116d84f0]

GC Heap History (8 events):
Event: 0.436 GC heap before
{Heap before GC invocations=1 (full 0):
 PSYoungGen      total 16384K, used 14336K [0x00000000ee100000, 0x00000000ef300000, 0x0000000100000000)
  eden space 14336K, 100% used [0x00000000ee100000,0x00000000eef00000,0x00000000eef00000)
  from space 2048K, 0% used [0x00000000ef100000,0x00000000ef100000,0x00000000ef300000)
  to   space 2048K, 0% used [0x00000000eef00000,0x00000000eef00000,0x00000000ef100000)
 ParOldGen       total 36864K, used 0K [0x00000000ca200000, 0x00000000cc600000, 0x00000000ee100000)
  object space 36864K, 0% used [0x00000000ca200000,0x00000000ca200000,0x00000000cc600000)
 Metaspace       used 7122K, capacity 7260K, committed 7552K, reserved 1056768K
  class space    used 770K, capacity 824K, committed 896K, reserved 1048576K
Event: 0.451 GC heap after
Heap after GC invocations=1 (full 0):
 PSYoungGen      total 16384K, used 2025K [0x00000000ee100000, 0x00000000f0100000, 0x0000000100000000)
  eden space 14336K, 0% used [0x00000000ee100000,0x00000000ee100000,0x00000000eef00000)
  from space 2048K, 98% used [0x00000000eef00000,0x00000000ef0fa6a0,0x00000000ef100000)
  to   space 2048K, 0% used [0x00000000eff00000,0x00000000eff00000,0x00000000f0100000)
 ParOldGen       total 36864K, used 1298K [0x00000000ca200000, 0x00000000cc600000, 0x00000000ee100000)
  object space 36864K, 3% used [0x00000000ca200000,0x00000000ca344b38,0x00000000cc600000)
 Metaspace       used 7122K, capacity 7260K, committed 7552K, reserved 1056768K
  class space    used 770K, capacity 824K, committed 896K, reserved 1048576K
}
Event: 0.726 GC heap before
{Heap before GC invocations=2 (full 0):
 PSYoungGen      total 16384K, used 16361K [0x00000000ee100000, 0x00000000f0100000, 0x0000000100000000)
  eden space 14336K, 100% used [0x00000000ee100000,0x00000000eef00000,0x00000000eef00000)
  from space 2048K, 98% used [0x00000000eef00000,0x00000000ef0fa6a0,0x00000000ef100000)
  to   space 2048K, 0% used [0x00000000eff00000,0x00000000eff00000,0x00000000f0100000)
 ParOldGen       total 36864K, used 1298K [0x00000000ca200000, 0x00000000cc600000, 0x00000000ee100000)
  object space 36864K, 3% used [0x00000000ca200000,0x00000000ca344b38,0x00000000cc600000)
 Metaspace       used 8255K, capacity 8412K, committed 8448K, reserved 1056768K
  class space    used 952K, capacity 1016K, committed 1024K, reserved 1048576K
Event: 0.731 GC heap after
Heap after GC invocations=2 (full 0):
 PSYoungGen      total 30720K, used 2020K [0x00000000ee100000, 0x00000000f0100000, 0x0000000100000000)
  eden space 28672K, 0% used [0x00000000ee100000,0x00000000ee100000,0x00000000efd00000)
  from space 2048K, 98% used [0x00000000eff00000,0x00000000f00f91e8,0x00000000f0100000)
  to   space 2048K, 0% used [0x00000000efd00000,0x00000000efd00000,0x00000000eff00000)
 ParOldGen       total 36864K, used 1864K [0x00000000ca200000, 0x00000000cc600000, 0x00000000ee100000)
  object space 36864K, 5% used [0x00000000ca200000,0x00000000ca3d2000,0x00000000cc600000)
 Metaspace       used 8255K, capacity 8412K, committed 8448K, reserved 1056768K
  class space    used 952K, capacity 1016K, committed 1024K, reserved 1048576K
}
Event: 1.205 GC heap before
{Heap before GC invocations=3 (full 0):
 PSYoungGen      total 30720K, used 30692K [0x00000000ee100000, 0x00000000f0100000, 0x0000000100000000)
  eden space 28672K, 100% used [0x00000000ee100000,0x00000000efd00000,0x00000000efd00000)
  from space 2048K, 98% used [0x00000000eff00000,0x00000000f00f91e8,0x00000000f0100000)
  to   space 2048K, 0% used [0x00000000efd00000,0x00000000efd00000,0x00000000eff00000)
 ParOldGen       total 36864K, used 1864K [0x00000000ca200000, 0x00000000cc600000, 0x00000000ee100000)
  object space 36864K, 5% used [0x00000000ca200000,0x00000000ca3d2000,0x00000000cc600000)
 Metaspace       used 12043K, capacity 12200K, committed 12288K, reserved 1060864K
  class space    used 1434K, capacity 1508K, committed 1536K, reserved 1048576K
Event: 1.221 GC heap after
Heap after GC invocations=3 (full 0):
 PSYoungGen      total 30720K, used 2016K [0x00000000ee100000, 0x00000000f1d00000, 0x0000000100000000)
  eden space 28672K, 0% used [0x00000000ee100000,0x00000000ee100000,0x00000000efd00000)
  from space 2048K, 98% used [0x00000000efd00000,0x00000000efef8040,0x00000000eff00000)
  to   space 2048K, 0% used [0x00000000f1b00000,0x00000000f1b00000,0x00000000f1d00000)
 ParOldGen       total 36864K, used 6711K [0x00000000ca200000, 0x00000000cc600000, 0x00000000ee100000)
  object space 36864K, 18% used [0x00000000ca200000,0x00000000ca88dd08,0x00000000cc600000)
 Metaspace       used 12043K, capacity 12200K, committed 12288K, reserved 1060864K
  class space    used 1434K, capacity 1508K, committed 1536K, reserved 1048576K
}
Event: 1.983 GC heap before
{Heap before GC invocations=4 (full 0):
 PSYoungGen      total 30720K, used 30688K [0x00000000ee100000, 0x00000000f1d00000, 0x0000000100000000)
  eden space 28672K, 100% used [0x00000000ee100000,0x00000000efd00000,0x00000000efd00000)
  from space 2048K, 98% used [0x00000000efd00000,0x00000000efef8040,0x00000000eff00000)
  to   space 2048K, 0% used [0x00000000f1b00000,0x00000000f1b00000,0x00000000f1d00000)
 ParOldGen       total 36864K, used 6711K [0x00000000ca200000, 0x00000000cc600000, 0x00000000ee100000)
  object space 36864K, 18% used [0x00000000ca200000,0x00000000ca88dd08,0x00000000cc600000)
 Metaspace       used 15163K, capacity 15362K, committed 15488K, reserved 1062912K
  class space    used 1763K, capacity 1843K, committed 1920K, reserved 1048576K
Event: 1.997 GC heap after
Heap after GC invocations=4 (full 0):
 PSYoungGen      total 59392K, used 2032K [0x00000000ee100000, 0x00000000f1d00000, 0x0000000100000000)
  eden space 57344K, 0% used [0x00000000ee100000,0x00000000ee100000,0x00000000f1900000)
  from space 2048K, 99% used [0x00000000f1b00000,0x00000000f1cfc030,0x00000000f1d00000)
  to   space 2048K, 0% used [0x00000000f1900000,0x00000000f1900000,0x00000000f1b00000)
 ParOldGen       total 36864K, used 10868K [0x00000000ca200000, 0x00000000cc600000, 0x00000000ee100000)
  object space 36864K, 29% used [0x00000000ca200000,0x00000000cac9d2d8,0x00000000cc600000)
 Metaspace       used 15163K, capacity 15362K, committed 15488K, reserved 1062912K
  class space    used 1763K, capacity 1843K, committed 1920K, reserved 1048576K
}

Deoptimization events (10 events):
Event: 2.059 Thread 0x00007f6e2000a000 Uncommon trap: reason=unstable_if action=reinterpret pc=0x00007f6e1135aa94 method=java.util.HashMap.putVal(ILjava/lang/Object;Ljava/lang/Object;ZZ)Ljava/lang/Object; @ 236
Event: 2.209 Thread 0x00007f6e2000a000 Uncommon trap: reason=unstable_if action=reinterpret pc=0x00007f6e114c818c method=java.util.concurrent.ConcurrentHashMap.putVal(Ljava/lang/Object;Ljava/lang/Object;Z)Ljava/lang/Object; @ 195
Event: 2.539 Thread 0x00007f6e2000a000 Uncommon trap: reason=predicate action=maybe_recompile pc=0x00007f6e112f4138 method=sun.net.www.ParseUtil.encodePath(Ljava/lang/String;Z)Ljava/lang/String; @ 36
Event: 2.914 Thread 0x00007f6e2000a000 Uncommon trap: reason=unstable_if action=reinterpret pc=0x00007f6e11655c24 method=java.lang.CharacterDataLatin1.isWhitespace(I)Z @ 14
Event: 2.914 Thread 0x00007f6e2000a000 Uncommon trap: reason=unstable_if action=reinterpret pc=0x00007f6e112e39e0 method=java.lang.CharacterDataLatin1.isWhitespace(I)Z @ 14
Event: 2.917 Thread 0x00007f6e2000a000 Uncommon trap: reason=unstable_if action=reinterpret pc=0x00007f6e111354e0 method=java.lang.CharacterData.of(I)Ljava/lang/CharacterData; @ 4
Event: 2.976 Thread 0x00007f6e2000a000 Uncommon trap: reason=bimorphic action=maybe_recompile pc=0x00007f6e1152e188 method=java.util.concurrent.ConcurrentHashMap.get(Ljava/lang/Object;)Ljava/lang/Object; @ 149
Event: 2.976 Thread 0x00007f6e2000a000 Uncommon trap: reason=bimorphic action=maybe_recompile pc=0x00007f6e1152e188 method=java.util.concurrent.ConcurrentHashMap.get(Ljava/lang/Object;)Ljava/lang/Object; @ 149
Event: 2.976 Thread 0x00007f6e2000a000 Uncommon trap: reason=bimorphic action=maybe_recompile pc=0x00007f6e1152e188 method=java.util.concurrent.ConcurrentHashMap.get(Ljava/lang/Object;)Ljava/lang/Object; @ 149
Event: 2.983 Thread 0x00007f6e2000a000 Uncommon trap: reason=bimorphic action=maybe_recompile pc=0x00007f6e1152e188 method=java.util.concurrent.ConcurrentHashMap.get(Ljava/lang/Object;)Ljava/lang/Object; @ 149

Internal exceptions (10 events):
Event: 2.012 Thread 0x00007f6e2000a000 Exception <a 'java/lang/NullPointerException'> (0x00000000ee254df0) thrown at [/builddir/build/BUILD/java-1.8.0-openjdk-1.8.0.111-5.b16.fc25.x86_64/openjdk/hotspot/src/share/vm/interpreter/linkResolver.cpp, line 1178]
Event: 2.014 Thread 0x00007f6e2000a000 Exception <a 'java/lang/NullPointerException'> (0x00000000ee28eb00) thrown at [/builddir/build/BUILD/java-1.8.0-openjdk-1.8.0.111-5.b16.fc25.x86_64/openjdk/hotspot/src/share/vm/interpreter/linkResolver.cpp, line 1178]
Event: 2.015 Thread 0x00007f6e2000a000 Exception <a 'java/lang/NullPointerException'> (0x00000000ee28ef00) thrown at [/builddir/build/BUILD/java-1.8.0-openjdk-1.8.0.111-5.b16.fc25.x86_64/openjdk/hotspot/src/share/vm/interpreter/linkResolver.cpp, line 1178]
Event: 2.015 Thread 0x00007f6e2000a000 Exception <a 'java/lang/NullPointerException'> (0x00000000ee28f300) thrown at [/builddir/build/BUILD/java-1.8.0-openjdk-1.8.0.111-5.b16.fc25.x86_64/openjdk/hotspot/src/share/vm/interpreter/linkResolver.cpp, line 1178]
Event: 2.018 Thread 0x00007f6e2000a000 Exception <a 'java/lang/NullPointerException'> (0x00000000ee2c28c0) thrown at [/builddir/build/BUILD/java-1.8.0-openjdk-1.8.0.111-5.b16.fc25.x86_64/openjdk/hotspot/src/share/vm/interpreter/linkResolver.cpp, line 1178]
Event: 2.018 Thread 0x00007f6e2000a000 Exception <a 'java/lang/NullPointerException'> (0x00000000ee2c2cc0) thrown at [/builddir/build/BUILD/java-1.8.0-openjdk-1.8.0.111-5.b16.fc25.x86_64/openjdk/hotspot/src/share/vm/interpreter/linkResolver.cpp, line 1178]
Event: 2.018 Thread 0x00007f6e2000a000 Exception <a 'java/lang/NullPointerException'> (0x00000000ee2c30c0) thrown at [/builddir/build/BUILD/java-1.8.0-openjdk-1.8.0.111-5.b16.fc25.x86_64/openjdk/hotspot/src/share/vm/interpreter/linkResolver.cpp, line 1178]
Event: 2.033 Thread 0x00007f6e2000a000 Exception <a 'java/lang/NoClassDefFoundError': org/apache/log4j/Priority> (0x00000000ee3ee9e0) thrown at [/builddir/build/BUILD/java-1.8.0-openjdk-1.8.0.111-5.b16.fc25.x86_64/openjdk/hotspot/src/share/vm/classfile/systemDictionary.cpp, line 199]
Event: 3.014 Thread 0x00007f6e2000a000 Exception <a 'java/lang/NoSuchFieldError': method resolution failed> (0x00000000ef87cb48) thrown at [/builddir/build/BUILD/java-1.8.0-openjdk-1.8.0.111-5.b16.fc25.x86_64/openjdk/hotspot/src/share/vm/prims/methodHandles.cpp, line 1146]
Event: 3.020 Thread 0x00007f6e2000a000 Exception <a 'java/lang/NoSuchFieldError': method resolution failed> (0x00000000ef88a9a8) thrown at [/builddir/build/BUILD/java-1.8.0-openjdk-1.8.0.111-5.b16.fc25.x86_64/openjdk/hotspot/src/share/vm/prims/methodHandles.cpp, line 1146]

Events (10 events):
Event: 3.056 loading class java/security/spec/ECPublicKeySpec
Event: 3.056 loading class java/security/spec/ECPublicKeySpec done
Event: 3.056 loading class sun/security/rsa/RSASignature$SHA512withRSA
Event: 3.056 loading class sun/security/rsa/RSASignature$SHA512withRSA done
Event: 3.056 loading class sun/security/provider/SHA5$SHA512
Event: 3.056 loading class sun/security/provider/SHA5
Event: 3.056 loading class sun/security/provider/SHA5 done
Event: 3.056 loading class sun/security/provider/SHA5$SHA512 done
Event: 3.061 loading class sun/security/ssl/ECDHCrypt
Event: 3.061 loading class sun/security/ssl/ECDHCrypt done


Dynamic libraries:
ca200000-ecf00000 rw-p 00000000 00:00 0 
ecf00000-ee100000 ---p 00000000 00:00 0 
ee100000-f1d00000 rw-p 00000000 00:00 0 
f1d00000-100000000 ---p 00000000 00:00 0 
100000000-100280000 rw-p 00000000 00:00 0 
100280000-140000000 ---p 00000000 00:00 0 
5643b271f000-5643b2720000 r-xp 00000000 fd:00 2757125                    /usr/lib/jvm/java-1.8.0-openjdk-1.8.0.111-5.b16.fc25.x86_64/bin/java
5643b291f000-5643b2920000 r--p 00000000 fd:00 2757125                    /usr/lib/jvm/java-1.8.0-openjdk-1.8.0.111-5.b16.fc25.x86_64/bin/java
5643b2920000-5643b2921000 rw-p 00001000 fd:00 2757125                    /usr/lib/jvm/java-1.8.0-openjdk-1.8.0.111-5.b16.fc25.x86_64/bin/java
5643b45b1000-5643b45d2000 rw-p 00000000 00:00 0                          [heap]
7f6dd8000000-7f6dd8021000 rw-p 00000000 00:00 0 
7f6dd8021000-7f6ddc000000 ---p 00000000 00:00 0 
7f6de0000000-7f6de0526000 rw-p 00000000 00:00 0 
7f6de0526000-7f6de4000000 ---p 00000000 00:00 0 
7f6de4000000-7f6de4021000 rw-p 00000000 00:00 0 
7f6de4021000-7f6de8000000 ---p 00000000 00:00 0 
7f6de8000000-7f6de8021000 rw-p 00000000 00:00 0 
7f6de8021000-7f6dec000000 ---p 00000000 00:00 0 
7f6dec000000-7f6ded8af000 rw-p 00000000 00:00 0 
7f6ded8af000-7f6df0000000 ---p 00000000 00:00 0 
7f6df0000000-7f6df0021000 rw-p 00000000 00:00 0 
7f6df0021000-7f6df4000000 ---p 00000000 00:00 0 
7f6df5267000-7f6df5467000 rw-p 00000000 00:00 0 
7f6df5467000-7f6dfc000000 r--p 00000000 fd:00 2622732                    /usr/lib/locale/locale-archive
7f6dfc000000-7f6dfc021000 rw-p 00000000 00:00 0 
7f6dfc021000-7f6e00000000 ---p 00000000 00:00 0 
7f6e00000000-7f6e00021000 rw-p 00000000 00:00 0 
7f6e00021000-7f6e04000000 ---p 00000000 00:00 0 
7f6e04000000-7f6e04021000 rw-p 00000000 00:00 0 
7f6e04021000-7f6e08000000 ---p 00000000 00:00 0 
7f6e0801d000-7f6e08034000 r-xp 00000000 fd:00 2627104                    /usr/lib64/libresolv-2.24.so
7f6e08034000-7f6e08234000 ---p 00017000 fd:00 2627104                    /usr/lib64/libresolv-2.24.so
7f6e08234000-7f6e08235000 r--p 00017000 fd:00 2627104                    /usr/lib64/libresolv-2.24.so
7f6e08235000-7f6e08236000 rw-p 00018000 fd:00 2627104                    /usr/lib64/libresolv-2.24.so
7f6e08236000-7f6e08238000 rw-p 00000000 00:00 0 
7f6e08238000-7f6e0823d000 r-xp 00000000 fd:00 2627098                    /usr/lib64/libnss_dns-2.24.so
7f6e0823d000-7f6e0843d000 ---p 00005000 fd:00 2627098                    /usr/lib64/libnss_dns-2.24.so
7f6e0843d000-7f6e0843e000 r--p 00005000 fd:00 2627098                    /usr/lib64/libnss_dns-2.24.so
7f6e0843e000-7f6e0843f000 rw-p 00006000 fd:00 2627098                    /usr/lib64/libnss_dns-2.24.so
7f6e0843f000-7f6e08441000 r-xp 00000000 fd:00 2630760                    /usr/lib64/libnss_mdns4_minimal.so.2
7f6e08441000-7f6e08640000 ---p 00002000 fd:00 2630760                    /usr/lib64/libnss_mdns4_minimal.so.2
7f6e08640000-7f6e08641000 r--p 00001000 fd:00 2630760                    /usr/lib64/libnss_mdns4_minimal.so.2
7f6e08641000-7f6e08842000 rw-p 00000000 00:00 0 
7f6e08842000-7f6e088be000 r-xp 00000000 fd:00 2629373                    /usr/lib64/libfreeblpriv3.so
7f6e088be000-7f6e08abe000 ---p 0007c000 fd:00 2629373                    /usr/lib64/libfreeblpriv3.so
7f6e08abe000-7f6e08ac0000 r--p 0007c000 fd:00 2629373                    /usr/lib64/libfreeblpriv3.so
7f6e08ac0000-7f6e08ac1000 rw-p 0007e000 fd:00 2629373                    /usr/lib64/libfreeblpriv3.so
7f6e08ac1000-7f6e08ac5000 rw-p 00000000 00:00 0 
7f6e08ac5000-7f6e08b00000 r-xp 00000000 fd:00 2627152                    /usr/lib64/libnspr4.so
7f6e08b00000-7f6e08cff000 ---p 0003b000 fd:00 2627152                    /usr/lib64/libnspr4.so
7f6e08cff000-7f6e08d00000 r--p 0003a000 fd:00 2627152                    /usr/lib64/libnspr4.so
7f6e08d00000-7f6e08d02000 rw-p 0003b000 fd:00 2627152                    /usr/lib64/libnspr4.so
7f6e08d02000-7f6e08d04000 rw-p 00000000 00:00 0 
7f6e08d04000-7f6e08d08000 r-xp 00000000 fd:00 2627153                    /usr/lib64/libplc4.so
7f6e08d08000-7f6e08f07000 ---p 00004000 fd:00 2627153                    /usr/lib64/libplc4.so
7f6e08f07000-7f6e08f08000 r--p 00003000 fd:00 2627153                    /usr/lib64/libplc4.so
7f6e08f08000-7f6e08f09000 rw-p 00004000 fd:00 2627153                    /usr/lib64/libplc4.so
7f6e08f09000-7f6e08f0c000 r-xp 00000000 fd:00 2627154                    /usr/lib64/libplds4.so
7f6e08f0c000-7f6e0910b000 ---p 00003000 fd:00 2627154                    /usr/lib64/libplds4.so
7f6e0910b000-7f6e0910c000 r--p 00002000 fd:00 2627154                    /usr/lib64/libplds4.so
7f6e0910c000-7f6e0910d000 rw-p 00003000 fd:00 2627154                    /usr/lib64/libplds4.so
7f6e0910d000-7f6e09134000 r-xp 00000000 fd:00 2623375                    /usr/lib64/libnssutil3.so
7f6e09134000-7f6e09333000 ---p 00027000 fd:00 2623375                    /usr/lib64/libnssutil3.so
7f6e09333000-7f6e0933a000 r--p 00026000 fd:00 2623375                    /usr/lib64/libnssutil3.so
7f6e0933a000-7f6e0933b000 rw-p 0002d000 fd:00 2623375                    /usr/lib64/libnssutil3.so
7f6e0933b000-7f6e0945d000 r-xp 00000000 fd:00 2629411                    /usr/lib64/libnss3.so
7f6e0945d000-7f6e0965c000 ---p 00122000 fd:00 2629411                    /usr/lib64/libnss3.so
7f6e0965c000-7f6e09661000 r--p 00121000 fd:00 2629411                    /usr/lib64/libnss3.so
7f6e09661000-7f6e09663000 rw-p 00126000 fd:00 2629411                    /usr/lib64/libnss3.so
7f6e09663000-7f6e09665000 rw-p 00000000 00:00 0 
7f6e09665000-7f6e09689000 r-xp 00000000 fd:00 2629412                    /usr/lib64/libsmime3.so
7f6e09689000-7f6e09888000 ---p 00024000 fd:00 2629412                    /usr/lib64/libsmime3.so
7f6e09888000-7f6e0988b000 r--p 00023000 fd:00 2629412                    /usr/lib64/libsmime3.so
7f6e0988b000-7f6e0988c000 rw-p 00026000 fd:00 2629412                    /usr/lib64/libsmime3.so
7f6e0988c000-7f6e098d2000 r-xp 00000000 fd:00 2629433                    /usr/lib64/libssl3.so
7f6e098d2000-7f6e09ad2000 ---p 00046000 fd:00 2629433                    /usr/lib64/libssl3.so
7f6e09ad2000-7f6e09ad6000 r--p 00046000 fd:00 2629433                    /usr/lib64/libssl3.so
7f6e09ad6000-7f6e09ad7000 rw-p 0004a000 fd:00 2629433                    /usr/lib64/libssl3.so
7f6e09ad7000-7f6e09ad8000 rw-p 00000000 00:00 0 
7f6e09ad8000-7f6e09ae4000 r-xp 00000000 fd:00 3021446                    /usr/lib/jvm/java-1.8.0-openjdk-1.8.0.111-5.b16.fc25.x86_64/jre/lib/amd64/libsunec.so
7f6e09ae4000-7f6e09ce3000 ---p 0000c000 fd:00 3021446                    /usr/lib/jvm/java-1.8.0-openjdk-1.8.0.111-5.b16.fc25.x86_64/jre/lib/amd64/libsunec.so
7f6e09ce3000-7f6e09ce4000 r--p 0000b000 fd:00 3021446                    /usr/lib/jvm/java-1.8.0-openjdk-1.8.0.111-5.b16.fc25.x86_64/jre/lib/amd64/libsunec.so
7f6e09ce4000-7f6e09ce5000 rw-p 00000000 00:00 0 
7f6e09ce5000-7f6e09cf6000 r-xp 00000000 fd:00 3021408                    /usr/lib/jvm/java-1.8.0-openjdk-1.8.0.111-5.b16.fc25.x86_64/jre/lib/amd64/libnio.so
7f6e09cf6000-7f6e09ef6000 ---p 00011000 fd:00 3021408                    /usr/lib/jvm/java-1.8.0-openjdk-1.8.0.111-5.b16.fc25.x86_64/jre/lib/amd64/libnio.so
7f6e09ef6000-7f6e09ef7000 r--p 00011000 fd:00 3021408                    /usr/lib/jvm/java-1.8.0-openjdk-1.8.0.111-5.b16.fc25.x86_64/jre/lib/amd64/libnio.so
7f6e09ef7000-7f6e09ef8000 rw-p 00012000 fd:00 3021408                    /usr/lib/jvm/java-1.8.0-openjdk-1.8.0.111-5.b16.fc25.x86_64/jre/lib/amd64/libnio.so
7f6e09ef8000-7f6e09f0f000 r-xp 00000000 fd:00 3021407                    /usr/lib/jvm/java-1.8.0-openjdk-1.8.0.111-5.b16.fc25.x86_64/jre/lib/amd64/libnet.so
7f6e09f0f000-7f6e0a10e000 ---p 00017000 fd:00 3021407                    /usr/lib/jvm/java-1.8.0-openjdk-1.8.0.111-5.b16.fc25.x86_64/jre/lib/amd64/libnet.so
7f6e0a10e000-7f6e0a10f000 r--p 00016000 fd:00 3021407                    /usr/lib/jvm/java-1.8.0-openjdk-1.8.0.111-5.b16.fc25.x86_64/jre/lib/amd64/libnet.so
7f6e0a10f000-7f6e0a110000 rw-p 00017000 fd:00 3021407                    /usr/lib/jvm/java-1.8.0-openjdk-1.8.0.111-5.b16.fc25.x86_64/jre/lib/amd64/libnet.so
7f6e0a110000-7f6e0a310000 rw-p 00000000 00:00 0 
7f6e0a310000-7f6e0c000000 rw-p 00000000 00:00 0 
7f6e0c000000-7f6e0c021000 rw-p 00000000 00:00 0 
7f6e0c021000-7f6e10000000 ---p 00000000 00:00 0 
7f6e1000c000-7f6e10012000 r--s 00043000 fd:00 2752557                    /usr/lib/jvm/java-1.8.0-openjdk-1.8.0.111-5.b16.fc25.x86_64/jre/lib/ext/sunjce_provider.jar
7f6e10012000-7f6e10025000 r--s 00346000 fd:00 2752545                    /usr/lib/jvm/java-1.8.0-openjdk-1.8.0.111-5.b16.fc25.x86_64/jre/lib/resources.jar
7f6e10025000-7f6e10027000 r--s 00007000 fd:00 2752556                    /usr/lib/jvm/java-1.8.0-openjdk-1.8.0.111-5.b16.fc25.x86_64/jre/lib/ext/sunec.jar
7f6e10027000-7f6e1002b000 r--s 0003e000 fd:00 2752558                    /usr/lib/jvm/java-1.8.0-openjdk-1.8.0.111-5.b16.fc25.x86_64/jre/lib/ext/sunpkcs11.jar
7f6e1002b000-7f6e1002e000 r--s 00018000 fd:00 2757482                    /usr/lib/jvm/java-1.8.0-openjdk-1.8.0.111-5.b16.fc25.x86_64/jre/lib/jce.jar
7f6e1002e000-7f6e10032000 r--s 000b0000 fd:00 2757484                    /usr/lib/jvm/java-1.8.0-openjdk-1.8.0.111-5.b16.fc25.x86_64/jre/lib/jsse.jar
7f6e10032000-7f6e10232000 rw-p 00000000 00:00 0 
7f6e10232000-7f6e10234000 r--s 00008000 fd:00 3948960                    /usr/share/java/maven-wagon/http.jar
7f6e10234000-7f6e10235000 r--s 00003000 fd:00 3948892                    /usr/share/java/maven-wagon/http-shared.jar
7f6e10235000-7f6e10238000 r--s 0000c000 fd:00 3948915                    /usr/share/java/maven/maven-artifact.jar
7f6e10238000-7f6e1023c000 r--s 00028000 fd:00 3284830                    /usr/share/java/aether/aether-impl.jar
7f6e1023c000-7f6e1023e000 r--s 0000c000 fd:00 3948862                    /usr/share/java/objectweb-asm/asm.jar
7f6e1023e000-7f6e10240000 r--s 00008000 fd:00 3284922                    /usr/share/java/aether/aether-connector-basic.jar
7f6e10240000-7f6e10244000 r--s 0003b000 fd:00 3948771                    /usr/share/java/plexus/utils.jar
7f6e10244000-7f6e10246000 r--s 0000a000 fd:00 3948924                    /usr/share/java/maven/maven-settings-builder.jar
7f6e10246000-7f6e1024d000 r--s 0003f000 fd:00 3284880                    /usr/share/java/commons-codec.jar
7f6e1024d000-7f6e1025a000 r--s 00098000 fd:00 3948954                    /usr/share/java/httpcomponents/httpclient.jar
7f6e1025a000-7f6e1025b000 r--s 00005000 fd:00 3948830                    /usr/share/java/plexus/plexus-sec-dispatcher.jar
7f6e1025b000-7f6e1025c000 r--s 00000000 fd:00 3284720                    /usr/share/java/atinject.jar
7f6e1025c000-7f6e1025d000 r--s 00004000 fd:00 3948916                    /usr/share/java/maven/maven-builder-support.jar
7f6e1025d000-7f6e10262000 r--s 0001e000 fd:00 3284693                    /usr/share/java/aether/aether-api.jar
7f6e10262000-7f6e10263000 r--s 00002000 fd:00 3948841                    /usr/share/java/slf4j/slf4j-simple.jar
7f6e10263000-7f6e1028e000 r--s 001f1000 fd:00 3284717                    /usr/share/java/guava.jar
7f6e1028e000-7f6e10292000 r--s 0000d000 fd:00 4070829                    /usr/share/java/cdi-api/cdi-api.jar
7f6e10292000-7f6e10297000 r--s 00021000 fd:00 3284700                    /usr/share/java/aether/aether-util.jar
7f6e10297000-7f6e102a0000 r--s 0005f000 fd:00 3948905                    /usr/share/java/guice/google-guice-no_aop.jar
7f6e102a0000-7f6e102a5000 r--s 00041000 fd:00 3284822                    /usr/share/java/apache-commons-lang.jar
7f6e102a5000-7f6e102a6000 r--s 00007000 fd:00 3948923                    /usr/share/java/maven/maven-repository-metadata.jar
7f6e102a6000-7f6e102a8000 r--s 00010000 fd:00 3948914                    /usr/share/java/maven/maven-aether-provider.jar
7f6e102a8000-7f6e102ab000 r--s 00014000 fd:00 3948919                    /usr/share/java/maven/maven-embedder.jar
7f6e102ab000-7f6e102ad000 r--s 0000c000 fd:00 3284906                    /usr/share/java/commons-cli.jar
7f6e102ad000-7f6e102af000 r--s 00002000 fd:00 3948792                    /usr/share/java/plexus/plexus-cipher.jar
7f6e102af000-7f6e102b2000 r--s 00011000 fd:00 3948849                    /usr/share/java/plexus/interpolation.jar
7f6e102b2000-7f6e102b4000 r--s 0000e000 fd:00 3284728                    /usr/share/java/commons-logging.jar
7f6e102b4000-7f6e102bb000 r--s 00062000 fd:00 3284862                    /usr/share/java/apache-commons-lang3.jar
7f6e102bb000-7f6e102bd000 r--s 0000b000 fd:00 3948922                    /usr/share/java/maven/maven-plugin-api.jar
7f6e102bd000-7f6e102bf000 r--s 00006000 fd:00 3284697                    /usr/share/java/aether/aether-spi.jar
7f6e102bf000-7f6e102c5000 r--s 0002d000 fd:00 3284852                    /usr/share/java/org.eclipse.sisu.plexus.jar
7f6e102c5000-7f6e102c7000 r--s 00009000 fd:00 3948839                    /usr/share/java/slf4j/slf4j-api.jar
7f6e102c7000-7f6e102cb000 r--s 00029000 fd:00 3284872                    /usr/share/java/commons-io.jar
7f6e102cb000-7f6e102cd000 r--s 00000000 fd:00 3948779                    /usr/share/java/plexus-containers/plexus-component-annotations.jar
7f6e102cd000-7f6e102d0000 r--s 0000c000 fd:00 3948775                    /usr/share/java/maven-wagon/provider-api.jar
7f6e102d0000-7f6e102d5000 r--s 00027000 fd:00 3948920                    /usr/share/java/maven/maven-model-builder.jar
7f6e102d5000-7f6e102dd000 r--s 00049000 fd:00 3948801                    /usr/share/java/httpcomponents/httpcore.jar
7f6e102dd000-7f6e102df000 r--s 00027000 fd:00 3948921                    /usr/share/java/maven/maven-model.jar
7f6e102df000-7f6e102e6000 r--s 0004a000 fd:00 3948879                    /usr/share/java/jsoup/jsoup.jar
7f6e102e6000-7f6e102f3000 r--s 0008e000 fd:00 3948918                    /usr/share/java/maven/maven-core.jar
7f6e102f3000-7f6e102f4000 ---p 00000000 00:00 0 
7f6e102f4000-7f6e103f4000 rw-p 00000000 00:00 0 
7f6e103f4000-7f6e103f7000 ---p 00000000 00:00 0 
7f6e103f7000-7f6e104f5000 rw-p 00000000 00:00 0 
7f6e104f5000-7f6e104f8000 ---p 00000000 00:00 0 
7f6e104f8000-7f6e105f6000 rw-p 00000000 00:00 0 
7f6e105f6000-7f6e105f9000 ---p 00000000 00:00 0 
7f6e105f9000-7f6e106f7000 rw-p 00000000 00:00 0 
7f6e106f7000-7f6e106fa000 ---p 00000000 00:00 0 
7f6e106fa000-7f6e107f8000 rw-p 00000000 00:00 0 
7f6e107f8000-7f6e107fb000 ---p 00000000 00:00 0 
7f6e107fb000-7f6e108f9000 rw-p 00000000 00:00 0 
7f6e108f9000-7f6e108fc000 ---p 00000000 00:00 0 
7f6e108fc000-7f6e109fa000 rw-p 00000000 00:00 0 
7f6e109fa000-7f6e109fb000 ---p 00000000 00:00 0 
7f6e109fb000-7f6e11000000 rw-p 00000000 00:00 0 
7f6e11000000-7f6e11710000 rwxp 00000000 00:00 0 
7f6e11710000-7f6e20000000 ---p 00000000 00:00 0 
7f6e20000000-7f6e20960000 rw-p 00000000 00:00 0 
7f6e20960000-7f6e24000000 ---p 00000000 00:00 0 
7f6e24000000-7f6e24002000 r--s 00005000 fd:00 3284919                    /usr/share/java/aether/aether-transport-wagon.jar
7f6e24002000-7f6e24009000 r--s 0003f000 fd:00 3284842                    /usr/share/java/org.eclipse.sisu.inject.jar
7f6e24009000-7f6e24470000 rw-p 00000000 00:00 0 
7f6e24470000-7f6e2463d000 r--s 043c9000 fd:00 2757490                    /usr/lib/jvm/java-1.8.0-openjdk-1.8.0.111-5.b16.fc25.x86_64/jre/lib/rt.jar
7f6e2463d000-7f6e25062000 rw-p 00000000 00:00 0 
7f6e25062000-7f6e25063000 ---p 00000000 00:00 0 
7f6e25063000-7f6e25163000 rw-p 00000000 00:00 0 
7f6e25163000-7f6e25164000 ---p 00000000 00:00 0 
7f6e25164000-7f6e2537b000 rw-p 00000000 00:00 0 
7f6e2537b000-7f6e25384000 ---p 00000000 00:00 0 
7f6e25384000-7f6e2549b000 rw-p 00000000 00:00 0 
7f6e2549b000-7f6e254a3000 ---p 00000000 00:00 0 
7f6e254a3000-7f6e254c2000 rw-p 00000000 00:00 0 
7f6e254c2000-7f6e25533000 ---p 00000000 00:00 0 
7f6e25533000-7f6e25551000 rw-p 00000000 00:00 0 
7f6e25551000-7f6e258f4000 ---p 00000000 00:00 0 
7f6e258f4000-7f6e258fc000 r-xp 00000000 fd:00 3021449                    /usr/lib/jvm/java-1.8.0-openjdk-1.8.0.111-5.b16.fc25.x86_64/jre/lib/amd64/libzip.so
7f6e258fc000-7f6e25afb000 ---p 00008000 fd:00 3021449                    /usr/lib/jvm/java-1.8.0-openjdk-1.8.0.111-5.b16.fc25.x86_64/jre/lib/amd64/libzip.so
7f6e25afb000-7f6e25afc000 r--p 00007000 fd:00 3021449                    /usr/lib/jvm/java-1.8.0-openjdk-1.8.0.111-5.b16.fc25.x86_64/jre/lib/amd64/libzip.so
7f6e25afc000-7f6e25afd000 rw-p 00000000 00:00 0 
7f6e25afd000-7f6e25b07000 r-xp 00000000 fd:00 2627100                    /usr/lib64/libnss_files-2.24.so
7f6e25b07000-7f6e25d07000 ---p 0000a000 fd:00 2627100                    /usr/lib64/libnss_files-2.24.so
7f6e25d07000-7f6e25d08000 r--p 0000a000 fd:00 2627100                    /usr/lib64/libnss_files-2.24.so
7f6e25d08000-7f6e25d09000 rw-p 0000b000 fd:00 2627100                    /usr/lib64/libnss_files-2.24.so
7f6e25d09000-7f6e25d0f000 rw-p 00000000 00:00 0 
7f6e25d0f000-7f6e25d3c000 r-xp 00000000 fd:00 3021397                    /usr/lib/jvm/java-1.8.0-openjdk-1.8.0.111-5.b16.fc25.x86_64/jre/lib/amd64/libjava.so
7f6e25d3c000-7f6e25f3c000 ---p 0002d000 fd:00 3021397                    /usr/lib/jvm/java-1.8.0-openjdk-1.8.0.111-5.b16.fc25.x86_64/jre/lib/amd64/libjava.so
7f6e25f3c000-7f6e25f3d000 r--p 0002d000 fd:00 3021397                    /usr/lib/jvm/java-1.8.0-openjdk-1.8.0.111-5.b16.fc25.x86_64/jre/lib/amd64/libjava.so
7f6e25f3d000-7f6e25f3e000 rw-p 0002e000 fd:00 3021397                    /usr/lib/jvm/java-1.8.0-openjdk-1.8.0.111-5.b16.fc25.x86_64/jre/lib/amd64/libjava.so
7f6e25f3e000-7f6e25f3f000 rw-p 00000000 00:00 0 
7f6e25f3f000-7f6e25f4c000 r-xp 00000000 fd:00 3021448                    /usr/lib/jvm/java-1.8.0-openjdk-1.8.0.111-5.b16.fc25.x86_64/jre/lib/amd64/libverify.so
7f6e25f4c000-7f6e2614b000 ---p 0000d000 fd:00 3021448                    /usr/lib/jvm/java-1.8.0-openjdk-1.8.0.111-5.b16.fc25.x86_64/jre/lib/amd64/libverify.so
7f6e2614b000-7f6e2614d000 r--p 0000c000 fd:00 3021448                    /usr/lib/jvm/java-1.8.0-openjdk-1.8.0.111-5.b16.fc25.x86_64/jre/lib/amd64/libverify.so
7f6e2614d000-7f6e2614e000 rw-p 00000000 00:00 0 
7f6e2614e000-7f6e26155000 r-xp 00000000 fd:00 2627106                    /usr/lib64/librt-2.24.so
7f6e26155000-7f6e26354000 ---p 00007000 fd:00 2627106                    /usr/lib64/librt-2.24.so
7f6e26354000-7f6e26355000 r--p 00006000 fd:00 2627106                    /usr/lib64/librt-2.24.so
7f6e26355000-7f6e26356000 rw-p 00007000 fd:00 2627106                    /usr/lib64/librt-2.24.so
7f6e26356000-7f6e2636c000 r-xp 00000000 fd:00 2621606                    /usr/lib64/libgcc_s-6.3.1-20161221.so.1
7f6e2636c000-7f6e2656b000 ---p 00016000 fd:00 2621606                    /usr/lib64/libgcc_s-6.3.1-20161221.so.1
7f6e2656b000-7f6e2656c000 r--p 00015000 fd:00 2621606                    /usr/lib64/libgcc_s-6.3.1-20161221.so.1
7f6e2656c000-7f6e2656d000 rw-p 00016000 fd:00 2621606                    /usr/lib64/libgcc_s-6.3.1-20161221.so.1
7f6e2656d000-7f6e26675000 r-xp 00000000 fd:00 2627092                    /usr/lib64/libm-2.24.so
7f6e26675000-7f6e26874000 ---p 00108000 fd:00 2627092                    /usr/lib64/libm-2.24.so
7f6e26874000-7f6e26875000 r--p 00107000 fd:00 2627092                    /usr/lib64/libm-2.24.so
7f6e26875000-7f6e26876000 rw-p 00108000 fd:00 2627092                    /usr/lib64/libm-2.24.so
7f6e26876000-7f6e269ee000 r-xp 00000000 fd:00 2627147                    /usr/lib64/libstdc++.so.6.0.22
7f6e269ee000-7f6e26bee000 ---p 00178000 fd:00 2627147                    /usr/lib64/libstdc++.so.6.0.22
7f6e26bee000-7f6e26bf8000 r--p 00178000 fd:00 2627147                    /usr/lib64/libstdc++.so.6.0.22
7f6e26bf8000-7f6e26bfa000 rw-p 00182000 fd:00 2627147                    /usr/lib64/libstdc++.so.6.0.22
7f6e26bfa000-7f6e26bfe000 rw-p 00000000 00:00 0 
7f6e26bfe000-7f6e27897000 r-xp 00000000 fd:00 3021453                    /usr/lib/jvm/java-1.8.0-openjdk-1.8.0.111-5.b16.fc25.x86_64/jre/lib/amd64/server/libjvm.so
7f6e27897000-7f6e27a96000 ---p 00c99000 fd:00 3021453                    /usr/lib/jvm/java-1.8.0-openjdk-1.8.0.111-5.b16.fc25.x86_64/jre/lib/amd64/server/libjvm.so
7f6e27a96000-7f6e27b2c000 r--p 00c98000 fd:00 3021453                    /usr/lib/jvm/java-1.8.0-openjdk-1.8.0.111-5.b16.fc25.x86_64/jre/lib/amd64/server/libjvm.so
7f6e27b2c000-7f6e27b55000 rw-p 00d2e000 fd:00 3021453                    /usr/lib/jvm/java-1.8.0-openjdk-1.8.0.111-5.b16.fc25.x86_64/jre/lib/amd64/server/libjvm.so
7f6e27b55000-7f6e27b85000 rw-p 00000000 00:00 0 
7f6e27b85000-7f6e27d42000 r-xp 00000000 fd:00 2627086                    /usr/lib64/libc-2.24.so
7f6e27d42000-7f6e27f41000 ---p 001bd000 fd:00 2627086                    /usr/lib64/libc-2.24.so
7f6e27f41000-7f6e27f45000 r--p 001bc000 fd:00 2627086                    /usr/lib64/libc-2.24.so
7f6e27f45000-7f6e27f47000 rw-p 001c0000 fd:00 2627086                    /usr/lib64/libc-2.24.so
7f6e27f47000-7f6e27f4b000 rw-p 00000000 00:00 0 
7f6e27f4b000-7f6e27f4e000 r-xp 00000000 fd:00 2627090                    /usr/lib64/libdl-2.24.so
7f6e27f4e000-7f6e2814d000 ---p 00003000 fd:00 2627090                    /usr/lib64/libdl-2.24.so
7f6e2814d000-7f6e2814e000 r--p 00002000 fd:00 2627090                    /usr/lib64/libdl-2.24.so
7f6e2814e000-7f6e2814f000 rw-p 00003000 fd:00 2627090                    /usr/lib64/libdl-2.24.so
7f6e2814f000-7f6e2815c000 r-xp 00000000 fd:00 2757174                    /usr/lib/jvm/java-1.8.0-openjdk-1.8.0.111-5.b16.fc25.x86_64/lib/amd64/jli/libjli.so
7f6e2815c000-7f6e2835c000 ---p 0000d000 fd:00 2757174                    /usr/lib/jvm/java-1.8.0-openjdk-1.8.0.111-5.b16.fc25.x86_64/lib/amd64/jli/libjli.so
7f6e2835c000-7f6e2835d000 r--p 0000d000 fd:00 2757174                    /usr/lib/jvm/java-1.8.0-openjdk-1.8.0.111-5.b16.fc25.x86_64/lib/amd64/jli/libjli.so
7f6e2835d000-7f6e2835e000 rw-p 00000000 00:00 0 
7f6e2835e000-7f6e28373000 r-xp 00000000 fd:00 2631155                    /usr/lib64/libz.so.1.2.8
7f6e28373000-7f6e28572000 ---p 00015000 fd:00 2631155                    /usr/lib64/libz.so.1.2.8
7f6e28572000-7f6e28573000 r--p 00014000 fd:00 2631155                    /usr/lib64/libz.so.1.2.8
7f6e28573000-7f6e28574000 rw-p 00015000 fd:00 2631155                    /usr/lib64/libz.so.1.2.8
7f6e28574000-7f6e2858c000 r-xp 00000000 fd:00 2627102                    /usr/lib64/libpthread-2.24.so
7f6e2858c000-7f6e2878c000 ---p 00018000 fd:00 2627102                    /usr/lib64/libpthread-2.24.so
7f6e2878c000-7f6e2878d000 r--p 00018000 fd:00 2627102                    /usr/lib64/libpthread-2.24.so
7f6e2878d000-7f6e2878e000 rw-p 00019000 fd:00 2627102                    /usr/lib64/libpthread-2.24.so
7f6e2878e000-7f6e28792000 rw-p 00000000 00:00 0 
7f6e28792000-7f6e287b7000 r-xp 00000000 fd:00 2626498                    /usr/lib64/ld-2.24.so
7f6e287b7000-7f6e287b8000 r--s 00003000 fd:00 3948951                    /usr/share/java/maven-wagon/file.jar
7f6e287b8000-7f6e28899000 rw-p 00000000 00:00 0 
7f6e28899000-7f6e2889c000 ---p 00000000 00:00 0 
7f6e2889c000-7f6e2899e000 rw-p 00000000 00:00 0 
7f6e2899e000-7f6e289a0000 r--s 00003000 fd:00 3284936                    /usr/share/java/jsr-305.jar
7f6e289a0000-7f6e289a1000 r--s 0000b000 fd:00 3948925                    /usr/share/java/maven/maven-settings.jar
7f6e289a1000-7f6e289a3000 r--s 00001000 fd:00 3284910                    /usr/share/java/aopalliance.jar
7f6e289a3000-7f6e289a9000 r--s 00041000 fd:00 3948917                    /usr/share/java/maven/maven-compat.jar
7f6e289a9000-7f6e289ab000 r--s 0000b000 fd:00 3284706                    /usr/share/java/plexus-classworlds.jar
7f6e289ab000-7f6e289b3000 rw-s 00000000 00:29 340992                     /tmp/hsperfdata_thota/5121
7f6e289b3000-7f6e289b4000 rw-p 00000000 00:00 0 
7f6e289b4000-7f6e289b5000 ---p 00000000 00:00 0 
7f6e289b5000-7f6e289b7000 rw-p 00000000 00:00 0 
7f6e289b7000-7f6e289b8000 r--p 00025000 fd:00 2626498                    /usr/lib64/ld-2.24.so
7f6e289b8000-7f6e289b9000 rw-p 00026000 fd:00 2626498                    /usr/lib64/ld-2.24.so
7f6e289b9000-7f6e289ba000 rw-p 00000000 00:00 0 
7ffcb90ef000-7ffcb9110000 rw-p 00000000 00:00 0                          [stack]
7ffcb9196000-7ffcb9198000 r--p 00000000 00:00 0                          [vvar]
7ffcb9198000-7ffcb919a000 r-xp 00000000 00:00 0                          [vdso]
ffffffffff600000-ffffffffff601000 r-xp 00000000 00:00 0                  [vsyscall]

VM Arguments:
jvm_args: -Dclassworlds.conf=/usr/share/maven/bin/m2.conf -Dmaven.home=/usr/share/maven -Dmaven.multiModuleProjectDirectory=/home/thota/Srinath/wilp/Hibernate4ExampleUsingPostgreSQL 
java_command: org.codehaus.plexus.classworlds.launcher.Launcher clean install
java_class_path (initial): /usr/share/maven/boot/plexus-classworlds.jar
Launcher Type: SUN_STANDARD

Environment Variables:
JAVA_HOME=/usr/lib/jvm/java
PATH=/usr/local/bin:/usr/local/sbin:/usr/bin:/usr/sbin:/home/thota/.local/bin:/home/thota/bin
USERNAME=thota
SHELL=/bin/bash
DISPLAY=:0

Signal Handlers:
SIGSEGV: [libjvm.so+0xaa2610], sa_mask[0]=11111111011111111101111111111110, sa_flags=SA_RESTART|SA_SIGINFO
SIGBUS: [libjvm.so+0xaa2610], sa_mask[0]=11111111011111111101111111111110, sa_flags=SA_RESTART|SA_SIGINFO
SIGFPE: [libjvm.so+0x8c6f10], sa_mask[0]=11111111011111111101111111111110, sa_flags=SA_RESTART|SA_SIGINFO
SIGPIPE: SIG_IGN, sa_mask[0]=00000000000000000000000000000000, sa_flags=none
SIGXFSZ: [libjvm.so+0x8c6f10], sa_mask[0]=11111111011111111101111111111110, sa_flags=SA_RESTART|SA_SIGINFO
SIGILL: [libjvm.so+0x8c6f10], sa_mask[0]=11111111011111111101111111111110, sa_flags=SA_RESTART|SA_SIGINFO
SIGUSR1: SIG_DFL, sa_mask[0]=00000000000000000000000000000000, sa_flags=none
SIGUSR2: [libjvm.so+0x8c6dc0], sa_mask[0]=00000000000000000000000000000000, sa_flags=SA_RESTART|SA_SIGINFO
SIGHUP: [libjvm.so+0x8c7270], sa_mask[0]=11111111011111111101111111111110, sa_flags=SA_RESTART|SA_SIGINFO
SIGINT: [libjvm.so+0x8c7270], sa_mask[0]=11111111011111111101111111111110, sa_flags=SA_RESTART|SA_SIGINFO
SIGTERM: [libjvm.so+0x8c7270], sa_mask[0]=11111111011111111101111111111110, sa_flags=SA_RESTART|SA_SIGINFO
SIGQUIT: [libjvm.so+0x8c7270], sa_mask[0]=11111111011111111101111111111110, sa_flags=SA_RESTART|SA_SIGINFO


---------------  S Y S T E M  ---------------

OS:Fedora release 25 (Twenty Five)

uname:Linux 4.9.5-200.fc25.x86_64 #1 SMP Fri Jan 20 12:24:16 UTC 2017 x86_64
libc:glibc 2.24 NPTL 2.24 
rlimit: STACK 8192k, CORE infinity, NPROC 13681, NOFILE 4096, AS infinity
load average:3.08 1.52 1.05

/proc/meminfo:
MemTotal:        3528136 kB
MemFree:          131772 kB
MemAvailable:     350064 kB
Buffers:           39920 kB
Cached:           467980 kB
SwapCached:        42744 kB
Active:          2342036 kB
Inactive:         780088 kB
Active(anon):    2146832 kB
Inactive(anon):   586208 kB
Active(file):     195204 kB
Inactive(file):   193880 kB
Unevictable:           0 kB
Mlocked:               0 kB
SwapTotal:       3538940 kB
SwapFree:        2877512 kB
Dirty:               376 kB
Writeback:         24764 kB
AnonPages:       2582772 kB
Mapped:           249268 kB
Shmem:            118732 kB
Slab:             125308 kB
SReclaimable:      62828 kB
SUnreclaim:        62480 kB
KernelStack:        9696 kB
PageTables:        54580 kB
NFS_Unstable:          0 kB
Bounce:                0 kB
WritebackTmp:          0 kB
CommitLimit:     5303008 kB
Committed_AS:    8125288 kB
VmallocTotal:   34359738367 kB
VmallocUsed:           0 kB
VmallocChunk:          0 kB
HardwareCorrupted:     0 kB
AnonHugePages:         0 kB
ShmemHugePages:        0 kB
ShmemPmdMapped:        0 kB
CmaTotal:              0 kB
CmaFree:               0 kB
HugePages_Total:       0
HugePages_Free:        0
HugePages_Rsvd:        0
HugePages_Surp:        0
Hugepagesize:       2048 kB
DirectMap4k:      151488 kB
DirectMap2M:     3516416 kB
DirectMap1G:           0 kB


CPU:total 2 (2 cores per cpu, 1 threads per core) family 16 model 4 stepping 3, cmov, cx8, fxsr, mmx, sse, sse2, sse3, popcnt, mmxext, 3dnowpref, lzcnt, sse4a, tsc, tscinvbit, tscinv

/proc/cpuinfo:
processor	: 0
vendor_id	: AuthenticAMD
cpu family	: 16
model		: 4
model name	: AMD Phenom(tm) II X2 555 Processor
stepping	: 3
microcode	: 0x10000c8
cpu MHz		: 3200.000
cache size	: 512 KB
physical id	: 0
siblings	: 2
core id		: 0
cpu cores	: 2
apicid		: 0
initial apicid	: 0
fpu		: yes
fpu_exception	: yes
cpuid level	: 5
wp		: yes
flags		: fpu vme de pse tsc msr pae mce cx8 apic sep mtrr pge mca cmov pat pse36 clflush mmx fxsr sse sse2 ht syscall nx mmxext fxsr_opt pdpe1gb rdtscp lm 3dnowext 3dnow constant_tsc rep_good nopl nonstop_tsc extd_apicid eagerfpu pni monitor cx16 popcnt lahf_lm cmp_legacy svm extapic cr8_legacy abm sse4a misalignsse 3dnowprefetch osvw ibs skinit wdt hw_pstate vmmcall npt lbrv svm_lock nrip_save
bugs		: tlb_mmatch fxsave_leak sysret_ss_attrs null_seg amd_e400
bogomips	: 6428.12
TLB size	: 1024 4K pages
clflush size	: 64
cache_alignment	: 64
address sizes	: 48 bits physical, 48 bits virtual
power management: ts ttp tm stc 100mhzsteps hwpstate

processor	: 1
vendor_id	: AuthenticAMD
cpu family	: 16
model		: 4
model name	: AMD Phenom(tm) II X2 555 Processor
stepping	: 3
microcode	: 0x10000c8
cpu MHz		: 3200.000
cache size	: 512 KB
physical id	: 0
siblings	: 2
core id		: 1
cpu cores	: 2
apicid		: 1
initial apicid	: 1
fpu		: yes
fpu_exception	: yes
cpuid level	: 5
wp		: yes
flags		: fpu vme de pse tsc msr pae mce cx8 apic sep mtrr pge mca cmov pat pse36 clflush mmx fxsr sse sse2 ht syscall nx mmxext fxsr_opt pdpe1gb rdtscp lm 3dnowext 3dnow constant_tsc rep_good nopl nonstop_tsc extd_apicid eagerfpu pni monitor cx16 popcnt lahf_lm cmp_legacy svm extapic cr8_legacy abm sse4a misalignsse 3dnowprefetch osvw ibs skinit wdt hw_pstate vmmcall npt lbrv svm_lock nrip_save
bugs		: tlb_mmatch fxsave_leak sysret_ss_attrs null_seg amd_e400
bogomips	: 6428.62
TLB size	: 1024 4K pages
clflush size	: 64
cache_alignment	: 64
address sizes	: 48 bits physical, 48 bits virtual
power management: ts ttp tm stc 100mhzsteps hwpstate



Memory: 4k page, physical 3528136k(131772k free), swap 3538940k(2877512k free)

vm_info: OpenJDK 64-Bit Server VM (25.111-b16) for linux-amd64 JRE (1.8.0_111-b16), built on Jan 10 2017 15:12:25 by "mockbuild" with gcc 6.3.1 20161221 (Red Hat 6.3.1-1)

time: Mon Feb 27 11:28:17 2017
elapsed time: 4 seconds (0d 0h 0m 4s)

